<?xml version="1.0" encoding="UTF-8"?>
<coverage generated="1652528111611" clover="3.2.0">
  <project timestamp="1652528111611" name="All files">
    <metrics statements="48" coveredstatements="47" conditionals="165" coveredconditionals="115" methods="26" coveredmethods="25" elements="239" coveredelements="187" complexity="0" loc="48" ncloc="48" packages="5" files="5" classes="5"/>
    <package name="dashboard.screens">
      <metrics statements="12" coveredstatements="11" conditionals="33" coveredconditionals="23" methods="6" coveredmethods="5"/>
      <file name="dashboard.tsx" path="/Users/anyahuang/Share/shareapp1/packages/supervisor-ui/tabs/dashboard/screens/dashboard.tsx">
        <metrics statements="12" coveredstatements="11" conditionals="33" coveredconditionals="23" methods="6" coveredmethods="5"/>
        <line num="1" count="1" type="stmt"/>
        <line num="2" count="1" type="stmt"/>
        <line num="9" count="1" type="stmt"/>
        <line num="10" count="35" type="cond" truecount="23" falsecount="10"/>
        <line num="12" count="1" type="stmt"/>
        <line num="13" count="1" type="stmt"/>
        <line num="14" count="1" type="stmt"/>
        <line num="15" count="1" type="stmt"/>
        <line num="21" count="2" type="stmt"/>
        <line num="27" count="0" type="stmt"/>
        <line num="35" count="1" type="stmt"/>
        <line num="37" count="1" type="stmt"/>
      </file>
    </package>
    <package name="more.screens">
      <metrics statements="9" coveredstatements="9" conditionals="33" coveredconditionals="23" methods="5" coveredmethods="5"/>
      <file name="home.tsx" path="/Users/anyahuang/Share/shareapp1/packages/supervisor-ui/tabs/more/screens/home.tsx">
        <metrics statements="9" coveredstatements="9" conditionals="33" coveredconditionals="23" methods="5" coveredmethods="5"/>
        <line num="1" count="1" type="stmt"/>
        <line num="2" count="1" type="stmt"/>
        <line num="9" count="35" type="cond" truecount="23" falsecount="10"/>
        <line num="11" count="1" type="stmt"/>
        <line num="12" count="1" type="stmt"/>
        <line num="13" count="1" type="stmt"/>
        <line num="19" count="2" type="stmt"/>
        <line num="32" count="1" type="stmt"/>
        <line num="34" count="1" type="stmt"/>
      </file>
    </package>
    <package name="resources.screens">
      <metrics statements="9" coveredstatements="9" conditionals="33" coveredconditionals="23" methods="5" coveredmethods="5"/>
      <file name="home.tsx" path="/Users/anyahuang/Share/shareapp1/packages/supervisor-ui/tabs/resources/screens/home.tsx">
        <metrics statements="9" coveredstatements="9" conditionals="33" coveredconditionals="23" methods="5" coveredmethods="5"/>
        <line num="1" count="1" type="stmt"/>
        <line num="2" count="1" type="stmt"/>
        <line num="9" count="35" type="cond" truecount="23" falsecount="10"/>
        <line num="11" count="1" type="stmt"/>
        <line num="12" count="1" type="stmt"/>
        <line num="13" count="1" type="stmt"/>
        <line num="19" count="2" type="stmt"/>
        <line num="32" count="1" type="stmt"/>
        <line num="34" count="1" type="stmt"/>
      </file>
    </package>
    <package name="supervisee.screens">
      <metrics statements="9" coveredstatements="9" conditionals="33" coveredconditionals="23" methods="5" coveredmethods="5"/>
      <file name="home.tsx" path="/Users/anyahuang/Share/shareapp1/packages/supervisor-ui/tabs/supervisee/screens/home.tsx">
        <metrics statements="9" coveredstatements="9" conditionals="33" coveredconditionals="23" methods="5" coveredmethods="5"/>
        <line num="1" count="1" type="stmt"/>
        <line num="2" count="1" type="stmt"/>
        <line num="9" count="35" type="cond" truecount="23" falsecount="10"/>
        <line num="11" count="1" type="stmt"/>
        <line num="12" count="1" type="stmt"/>
        <line num="13" count="1" type="stmt"/>
        <line num="19" count="2" type="stmt"/>
        <line num="32" count="1" type="stmt"/>
        <line num="34" count="1" type="stmt"/>
      </file>
    </package>
    <package name="tasks.screens">
      <metrics statements="9" coveredstatements="9" conditionals="33" coveredconditionals="23" methods="5" coveredmethods="5"/>
      <file name="home.tsx" path="/Users/anyahuang/Share/shareapp1/packages/supervisor-ui/tabs/tasks/screens/home.tsx">
        <metrics statements="9" coveredstatements="9" conditionals="33" coveredconditionals="23" methods="5" coveredmethods="5"/>
        <line num="1" count="1" type="stmt"/>
        <line num="2" count="1" type="stmt"/>
        <line num="9" count="35" type="cond" truecount="23" falsecount="10"/>
        <line num="11" count="1" type="stmt"/>
        <line num="12" count="1" type="stmt"/>
        <line num="13" count="1" type="stmt"/>
        <line num="19" count="2" type="stmt"/>
        <line num="32" count="1" type="stmt"/>
        <line num="34" count="1" type="stmt"/>
      </file>
    </package>
  </project>
</coverage>
