{"/Users/anyahuang/Share/shareapp1/packages/supervisor-ui/tabs/dashboard/screens/dashboard.tsx": {"path":"/Users/anyahuang/Share/shareapp1/packages/supervisor-ui/tabs/dashboard/screens/dashboard.tsx","statementMap":{"0":{"start":{"line":1,"column":13},"end":{"line":1,"column":75}},"1":{"start":{"line":1,"column":75},"end":{"line":1,"column":100}},"2":{"start":{"line":1,"column":113},"end":{"line":1,"column":154}},"3":{"start":{"line":2,"column":19},"end":{"line":2,"column":42}},"4":{"start":{"line":9,"column":14},"end":{"line":9,"column":49}},"5":{"start":{"line":10,"column":16},"end":{"line":10,"column":47}},"6":{"start":{"line":10,"column":60},"end":{"line":10,"column":64}},"7":{"start":{"line":10,"column":80},"end":{"line":10,"column":174}},"8":{"start":{"line":10,"column":223},"end":{"line":10,"column":270}},"9":{"start":{"line":10,"column":258},"end":{"line":10,"column":270}},"10":{"start":{"line":10,"column":294},"end":{"line":10,"column":307}},"11":{"start":{"line":10,"column":331},"end":{"line":10,"column":344}},"12":{"start":{"line":10,"column":345},"end":{"line":10,"column":502}},"13":{"start":{"line":10,"column":428},"end":{"line":10,"column":486}},"14":{"start":{"line":10,"column":555},"end":{"line":10,"column":611}},"15":{"start":{"line":10,"column":599},"end":{"line":10,"column":610}},"16":{"start":{"line":10,"column":611},"end":{"line":10,"column":711}},"17":{"start":{"line":10,"column":686},"end":{"line":10,"column":710}},"18":{"start":{"line":10,"column":723},"end":{"line":10,"column":760}},"19":{"start":{"line":10,"column":761},"end":{"line":10,"column":814}},"20":{"start":{"line":10,"column":791},"end":{"line":10,"column":813}},"21":{"start":{"line":10,"column":827},"end":{"line":10,"column":829}},"22":{"start":{"line":10,"column":858},"end":{"line":10,"column":914}},"23":{"start":{"line":10,"column":915},"end":{"line":10,"column":1207}},"24":{"start":{"line":10,"column":937},"end":{"line":10,"column":1206}},"25":{"start":{"line":10,"column":1022},"end":{"line":10,"column":1094}},"26":{"start":{"line":10,"column":1095},"end":{"line":10,"column":1205}},"27":{"start":{"line":10,"column":1132},"end":{"line":10,"column":1173}},"28":{"start":{"line":10,"column":1181},"end":{"line":10,"column":1204}},"29":{"start":{"line":10,"column":1207},"end":{"line":10,"column":1228}},"30":{"start":{"line":10,"column":1228},"end":{"line":10,"column":1264}},"31":{"start":{"line":10,"column":1240},"end":{"line":10,"column":1263}},"32":{"start":{"line":10,"column":1264},"end":{"line":10,"column":1278}},"33":{"start":{"line":12,"column":16},"end":{"line":33,"column":1}},"34":{"start":{"line":13,"column":22},"end":{"line":13,"column":46}},"35":{"start":{"line":14,"column":23},"end":{"line":14,"column":51}},"36":{"start":{"line":14,"column":63},"end":{"line":14,"column":86}},"37":{"start":{"line":15,"column":2},"end":{"line":28,"column":161}},"38":{"start":{"line":21,"column":8},"end":{"line":21,"column":37}},"39":{"start":{"line":27,"column":84},"end":{"line":27,"column":110}},"40":{"start":{"line":35,"column":0},"end":{"line":35,"column":9}},"41":{"start":{"line":35,"column":10},"end":{"line":35,"column":37}},"42":{"start":{"line":37,"column":13},"end":{"line":39,"column":35}}},"fnMap":{"0":{"name":"_getRequireWildcardCache","decl":{"start":{"line":10,"column":184},"end":{"line":10,"column":208}},"loc":{"start":{"line":10,"column":222},"end":{"line":10,"column":503}},"line":10},"1":{"name":"_getRequireWildcardCache","decl":{"start":{"line":10,"column":389},"end":{"line":10,"column":413}},"loc":{"start":{"line":10,"column":427},"end":{"line":10,"column":487}},"line":10},"2":{"name":"_interopRequireWildcard","decl":{"start":{"line":10,"column":512},"end":{"line":10,"column":535}},"loc":{"start":{"line":10,"column":554},"end":{"line":10,"column":1279}},"line":10},"3":{"name":"Dashboard","decl":{"start":{"line":12,"column":25},"end":{"line":12,"column":34}},"loc":{"start":{"line":12,"column":37},"end":{"line":33,"column":1}},"line":12},"4":{"name":"ref","decl":{"start":{"line":20,"column":20},"end":{"line":20,"column":23}},"loc":{"start":{"line":20,"column":30},"end":{"line":22,"column":7}},"line":20},"5":{"name":"onPress","decl":{"start":{"line":27,"column":73},"end":{"line":27,"column":80}},"loc":{"start":{"line":27,"column":83},"end":{"line":27,"column":111}},"line":27}},"branchMap":{"0":{"loc":{"start":{"line":10,"column":223},"end":{"line":10,"column":270}},"type":"if","locations":[{"start":{"line":10,"column":223},"end":{"line":10,"column":270}},{"start":{},"end":{}}],"line":10},"1":{"loc":{"start":{"line":10,"column":435},"end":{"line":10,"column":485}},"type":"cond-expr","locations":[{"start":{"line":10,"column":449},"end":{"line":10,"column":465}},{"start":{"line":10,"column":468},"end":{"line":10,"column":485}}],"line":10},"2":{"loc":{"start":{"line":10,"column":555},"end":{"line":10,"column":611}},"type":"if","locations":[{"start":{"line":10,"column":555},"end":{"line":10,"column":611}},{"start":{},"end":{}}],"line":10},"3":{"loc":{"start":{"line":10,"column":559},"end":{"line":10,"column":596}},"type":"binary-expr","locations":[{"start":{"line":10,"column":559},"end":{"line":10,"column":571}},{"start":{"line":10,"column":575},"end":{"line":10,"column":578}},{"start":{"line":10,"column":582},"end":{"line":10,"column":596}}],"line":10},"4":{"loc":{"start":{"line":10,"column":611},"end":{"line":10,"column":711}},"type":"if","locations":[{"start":{"line":10,"column":611},"end":{"line":10,"column":711}},{"start":{},"end":{}}],"line":10},"5":{"loc":{"start":{"line":10,"column":615},"end":{"line":10,"column":683}},"type":"binary-expr","locations":[{"start":{"line":10,"column":615},"end":{"line":10,"column":627}},{"start":{"line":10,"column":631},"end":{"line":10,"column":654}},{"start":{"line":10,"column":658},"end":{"line":10,"column":683}}],"line":10},"6":{"loc":{"start":{"line":10,"column":761},"end":{"line":10,"column":814}},"type":"if","locations":[{"start":{"line":10,"column":761},"end":{"line":10,"column":814}},{"start":{},"end":{}}],"line":10},"7":{"loc":{"start":{"line":10,"column":765},"end":{"line":10,"column":788}},"type":"binary-expr","locations":[{"start":{"line":10,"column":765},"end":{"line":10,"column":770}},{"start":{"line":10,"column":774},"end":{"line":10,"column":788}}],"line":10},"8":{"loc":{"start":{"line":10,"column":858},"end":{"line":10,"column":914}},"type":"binary-expr","locations":[{"start":{"line":10,"column":858},"end":{"line":10,"column":879}},{"start":{"line":10,"column":883},"end":{"line":10,"column":914}}],"line":10},"9":{"loc":{"start":{"line":10,"column":937},"end":{"line":10,"column":1206}},"type":"if","locations":[{"start":{"line":10,"column":937},"end":{"line":10,"column":1206}},{"start":{},"end":{}}],"line":10},"10":{"loc":{"start":{"line":10,"column":941},"end":{"line":10,"column":1008}},"type":"binary-expr","locations":[{"start":{"line":10,"column":941},"end":{"line":10,"column":958}},{"start":{"line":10,"column":962},"end":{"line":10,"column":1008}}],"line":10},"11":{"loc":{"start":{"line":10,"column":1022},"end":{"line":10,"column":1094}},"type":"cond-expr","locations":[{"start":{"line":10,"column":1046},"end":{"line":10,"column":1087}},{"start":{"line":10,"column":1090},"end":{"line":10,"column":1094}}],"line":10},"12":{"loc":{"start":{"line":10,"column":1095},"end":{"line":10,"column":1205}},"type":"if","locations":[{"start":{"line":10,"column":1095},"end":{"line":10,"column":1205}},{"start":{"line":10,"column":1180},"end":{"line":10,"column":1205}}],"line":10},"13":{"loc":{"start":{"line":10,"column":1099},"end":{"line":10,"column":1129}},"type":"binary-expr","locations":[{"start":{"line":10,"column":1099},"end":{"line":10,"column":1103}},{"start":{"line":10,"column":1108},"end":{"line":10,"column":1116}},{"start":{"line":10,"column":1120},"end":{"line":10,"column":1128}}],"line":10},"14":{"loc":{"start":{"line":10,"column":1228},"end":{"line":10,"column":1264}},"type":"if","locations":[{"start":{"line":10,"column":1228},"end":{"line":10,"column":1264}},{"start":{},"end":{}}],"line":10}},"s":{"0":1,"1":1,"2":1,"3":1,"4":1,"5":1,"6":1,"7":1,"8":1,"9":0,"10":1,"11":1,"12":1,"13":1,"14":1,"15":0,"16":1,"17":0,"18":1,"19":1,"20":0,"21":1,"22":1,"23":1,"24":35,"25":35,"26":35,"27":0,"28":35,"29":1,"30":1,"31":1,"32":1,"33":1,"34":1,"35":1,"36":1,"37":1,"38":2,"39":0,"40":1,"41":1,"42":1},"f":{"0":1,"1":1,"2":1,"3":1,"4":2,"5":0},"b":{"0":[0,1],"1":[0,1],"2":[0,1],"3":[1,1,1],"4":[0,1],"5":[1,1,0],"6":[0,1],"7":[1,1],"8":[1,1],"9":[35,0],"10":[35,35],"11":[35,0],"12":[0,35],"13":[35,35,35],"14":[1,0]},"inputSourceMap":null,"_coverageSchema":"1a1c01bbd47fc00a2c39e90264f33305004495a9","hash":"1dc1b2eedb0db3321fbc3e9796bc1a6ab90e5f3f"}
,"/Users/anyahuang/Share/shareapp1/packages/supervisor-ui/tabs/more/screens/home.tsx": {"path":"/Users/anyahuang/Share/shareapp1/packages/supervisor-ui/tabs/more/screens/home.tsx","statementMap":{"0":{"start":{"line":1,"column":13},"end":{"line":1,"column":75}},"1":{"start":{"line":1,"column":75},"end":{"line":1,"column":100}},"2":{"start":{"line":1,"column":113},"end":{"line":1,"column":154}},"3":{"start":{"line":2,"column":19},"end":{"line":2,"column":42}},"4":{"start":{"line":9,"column":16},"end":{"line":9,"column":47}},"5":{"start":{"line":9,"column":60},"end":{"line":9,"column":64}},"6":{"start":{"line":9,"column":80},"end":{"line":9,"column":164}},"7":{"start":{"line":9,"column":213},"end":{"line":9,"column":260}},"8":{"start":{"line":9,"column":248},"end":{"line":9,"column":260}},"9":{"start":{"line":9,"column":284},"end":{"line":9,"column":297}},"10":{"start":{"line":9,"column":321},"end":{"line":9,"column":334}},"11":{"start":{"line":9,"column":335},"end":{"line":9,"column":492}},"12":{"start":{"line":9,"column":418},"end":{"line":9,"column":476}},"13":{"start":{"line":9,"column":545},"end":{"line":9,"column":601}},"14":{"start":{"line":9,"column":589},"end":{"line":9,"column":600}},"15":{"start":{"line":9,"column":601},"end":{"line":9,"column":701}},"16":{"start":{"line":9,"column":676},"end":{"line":9,"column":700}},"17":{"start":{"line":9,"column":713},"end":{"line":9,"column":750}},"18":{"start":{"line":9,"column":751},"end":{"line":9,"column":804}},"19":{"start":{"line":9,"column":781},"end":{"line":9,"column":803}},"20":{"start":{"line":9,"column":817},"end":{"line":9,"column":819}},"21":{"start":{"line":9,"column":848},"end":{"line":9,"column":904}},"22":{"start":{"line":9,"column":905},"end":{"line":9,"column":1197}},"23":{"start":{"line":9,"column":927},"end":{"line":9,"column":1196}},"24":{"start":{"line":9,"column":1012},"end":{"line":9,"column":1084}},"25":{"start":{"line":9,"column":1085},"end":{"line":9,"column":1195}},"26":{"start":{"line":9,"column":1122},"end":{"line":9,"column":1163}},"27":{"start":{"line":9,"column":1171},"end":{"line":9,"column":1194}},"28":{"start":{"line":9,"column":1197},"end":{"line":9,"column":1218}},"29":{"start":{"line":9,"column":1218},"end":{"line":9,"column":1254}},"30":{"start":{"line":9,"column":1230},"end":{"line":9,"column":1253}},"31":{"start":{"line":9,"column":1254},"end":{"line":9,"column":1268}},"32":{"start":{"line":11,"column":11},"end":{"line":30,"column":1}},"33":{"start":{"line":12,"column":22},"end":{"line":12,"column":46}},"34":{"start":{"line":13,"column":2},"end":{"line":25,"column":161}},"35":{"start":{"line":19,"column":8},"end":{"line":19,"column":37}},"36":{"start":{"line":32,"column":0},"end":{"line":32,"column":4}},"37":{"start":{"line":32,"column":5},"end":{"line":32,"column":32}},"38":{"start":{"line":34,"column":13},"end":{"line":36,"column":35}}},"fnMap":{"0":{"name":"_getRequireWildcardCache","decl":{"start":{"line":9,"column":174},"end":{"line":9,"column":198}},"loc":{"start":{"line":9,"column":212},"end":{"line":9,"column":493}},"line":9},"1":{"name":"_getRequireWildcardCache","decl":{"start":{"line":9,"column":379},"end":{"line":9,"column":403}},"loc":{"start":{"line":9,"column":417},"end":{"line":9,"column":477}},"line":9},"2":{"name":"_interopRequireWildcard","decl":{"start":{"line":9,"column":502},"end":{"line":9,"column":525}},"loc":{"start":{"line":9,"column":544},"end":{"line":9,"column":1269}},"line":9},"3":{"name":"Home","decl":{"start":{"line":11,"column":20},"end":{"line":11,"column":24}},"loc":{"start":{"line":11,"column":27},"end":{"line":30,"column":1}},"line":11},"4":{"name":"ref","decl":{"start":{"line":18,"column":20},"end":{"line":18,"column":23}},"loc":{"start":{"line":18,"column":30},"end":{"line":20,"column":7}},"line":18}},"branchMap":{"0":{"loc":{"start":{"line":9,"column":213},"end":{"line":9,"column":260}},"type":"if","locations":[{"start":{"line":9,"column":213},"end":{"line":9,"column":260}},{"start":{},"end":{}}],"line":9},"1":{"loc":{"start":{"line":9,"column":425},"end":{"line":9,"column":475}},"type":"cond-expr","locations":[{"start":{"line":9,"column":439},"end":{"line":9,"column":455}},{"start":{"line":9,"column":458},"end":{"line":9,"column":475}}],"line":9},"2":{"loc":{"start":{"line":9,"column":545},"end":{"line":9,"column":601}},"type":"if","locations":[{"start":{"line":9,"column":545},"end":{"line":9,"column":601}},{"start":{},"end":{}}],"line":9},"3":{"loc":{"start":{"line":9,"column":549},"end":{"line":9,"column":586}},"type":"binary-expr","locations":[{"start":{"line":9,"column":549},"end":{"line":9,"column":561}},{"start":{"line":9,"column":565},"end":{"line":9,"column":568}},{"start":{"line":9,"column":572},"end":{"line":9,"column":586}}],"line":9},"4":{"loc":{"start":{"line":9,"column":601},"end":{"line":9,"column":701}},"type":"if","locations":[{"start":{"line":9,"column":601},"end":{"line":9,"column":701}},{"start":{},"end":{}}],"line":9},"5":{"loc":{"start":{"line":9,"column":605},"end":{"line":9,"column":673}},"type":"binary-expr","locations":[{"start":{"line":9,"column":605},"end":{"line":9,"column":617}},{"start":{"line":9,"column":621},"end":{"line":9,"column":644}},{"start":{"line":9,"column":648},"end":{"line":9,"column":673}}],"line":9},"6":{"loc":{"start":{"line":9,"column":751},"end":{"line":9,"column":804}},"type":"if","locations":[{"start":{"line":9,"column":751},"end":{"line":9,"column":804}},{"start":{},"end":{}}],"line":9},"7":{"loc":{"start":{"line":9,"column":755},"end":{"line":9,"column":778}},"type":"binary-expr","locations":[{"start":{"line":9,"column":755},"end":{"line":9,"column":760}},{"start":{"line":9,"column":764},"end":{"line":9,"column":778}}],"line":9},"8":{"loc":{"start":{"line":9,"column":848},"end":{"line":9,"column":904}},"type":"binary-expr","locations":[{"start":{"line":9,"column":848},"end":{"line":9,"column":869}},{"start":{"line":9,"column":873},"end":{"line":9,"column":904}}],"line":9},"9":{"loc":{"start":{"line":9,"column":927},"end":{"line":9,"column":1196}},"type":"if","locations":[{"start":{"line":9,"column":927},"end":{"line":9,"column":1196}},{"start":{},"end":{}}],"line":9},"10":{"loc":{"start":{"line":9,"column":931},"end":{"line":9,"column":998}},"type":"binary-expr","locations":[{"start":{"line":9,"column":931},"end":{"line":9,"column":948}},{"start":{"line":9,"column":952},"end":{"line":9,"column":998}}],"line":9},"11":{"loc":{"start":{"line":9,"column":1012},"end":{"line":9,"column":1084}},"type":"cond-expr","locations":[{"start":{"line":9,"column":1036},"end":{"line":9,"column":1077}},{"start":{"line":9,"column":1080},"end":{"line":9,"column":1084}}],"line":9},"12":{"loc":{"start":{"line":9,"column":1085},"end":{"line":9,"column":1195}},"type":"if","locations":[{"start":{"line":9,"column":1085},"end":{"line":9,"column":1195}},{"start":{"line":9,"column":1170},"end":{"line":9,"column":1195}}],"line":9},"13":{"loc":{"start":{"line":9,"column":1089},"end":{"line":9,"column":1119}},"type":"binary-expr","locations":[{"start":{"line":9,"column":1089},"end":{"line":9,"column":1093}},{"start":{"line":9,"column":1098},"end":{"line":9,"column":1106}},{"start":{"line":9,"column":1110},"end":{"line":9,"column":1118}}],"line":9},"14":{"loc":{"start":{"line":9,"column":1218},"end":{"line":9,"column":1254}},"type":"if","locations":[{"start":{"line":9,"column":1218},"end":{"line":9,"column":1254}},{"start":{},"end":{}}],"line":9}},"s":{"0":1,"1":1,"2":1,"3":1,"4":1,"5":1,"6":1,"7":1,"8":0,"9":1,"10":1,"11":1,"12":1,"13":1,"14":0,"15":1,"16":0,"17":1,"18":1,"19":0,"20":1,"21":1,"22":1,"23":35,"24":35,"25":35,"26":0,"27":35,"28":1,"29":1,"30":1,"31":1,"32":1,"33":1,"34":1,"35":2,"36":1,"37":1,"38":1},"f":{"0":1,"1":1,"2":1,"3":1,"4":2},"b":{"0":[0,1],"1":[0,1],"2":[0,1],"3":[1,1,1],"4":[0,1],"5":[1,1,0],"6":[0,1],"7":[1,1],"8":[1,1],"9":[35,0],"10":[35,35],"11":[35,0],"12":[0,35],"13":[35,35,35],"14":[1,0]},"inputSourceMap":null,"_coverageSchema":"1a1c01bbd47fc00a2c39e90264f33305004495a9","hash":"cefbf65a6b71f4942e5d2e67a848cc24df5293cf"}
,"/Users/anyahuang/Share/shareapp1/packages/supervisor-ui/tabs/resources/screens/home.tsx": {"path":"/Users/anyahuang/Share/shareapp1/packages/supervisor-ui/tabs/resources/screens/home.tsx","statementMap":{"0":{"start":{"line":1,"column":13},"end":{"line":1,"column":75}},"1":{"start":{"line":1,"column":75},"end":{"line":1,"column":100}},"2":{"start":{"line":1,"column":113},"end":{"line":1,"column":154}},"3":{"start":{"line":2,"column":19},"end":{"line":2,"column":42}},"4":{"start":{"line":9,"column":16},"end":{"line":9,"column":47}},"5":{"start":{"line":9,"column":60},"end":{"line":9,"column":64}},"6":{"start":{"line":9,"column":80},"end":{"line":9,"column":169}},"7":{"start":{"line":9,"column":218},"end":{"line":9,"column":265}},"8":{"start":{"line":9,"column":253},"end":{"line":9,"column":265}},"9":{"start":{"line":9,"column":289},"end":{"line":9,"column":302}},"10":{"start":{"line":9,"column":326},"end":{"line":9,"column":339}},"11":{"start":{"line":9,"column":340},"end":{"line":9,"column":497}},"12":{"start":{"line":9,"column":423},"end":{"line":9,"column":481}},"13":{"start":{"line":9,"column":550},"end":{"line":9,"column":606}},"14":{"start":{"line":9,"column":594},"end":{"line":9,"column":605}},"15":{"start":{"line":9,"column":606},"end":{"line":9,"column":706}},"16":{"start":{"line":9,"column":681},"end":{"line":9,"column":705}},"17":{"start":{"line":9,"column":718},"end":{"line":9,"column":755}},"18":{"start":{"line":9,"column":756},"end":{"line":9,"column":809}},"19":{"start":{"line":9,"column":786},"end":{"line":9,"column":808}},"20":{"start":{"line":9,"column":822},"end":{"line":9,"column":824}},"21":{"start":{"line":9,"column":853},"end":{"line":9,"column":909}},"22":{"start":{"line":9,"column":910},"end":{"line":9,"column":1202}},"23":{"start":{"line":9,"column":932},"end":{"line":9,"column":1201}},"24":{"start":{"line":9,"column":1017},"end":{"line":9,"column":1089}},"25":{"start":{"line":9,"column":1090},"end":{"line":9,"column":1200}},"26":{"start":{"line":9,"column":1127},"end":{"line":9,"column":1168}},"27":{"start":{"line":9,"column":1176},"end":{"line":9,"column":1199}},"28":{"start":{"line":9,"column":1202},"end":{"line":9,"column":1223}},"29":{"start":{"line":9,"column":1223},"end":{"line":9,"column":1259}},"30":{"start":{"line":9,"column":1235},"end":{"line":9,"column":1258}},"31":{"start":{"line":9,"column":1259},"end":{"line":9,"column":1273}},"32":{"start":{"line":11,"column":11},"end":{"line":30,"column":1}},"33":{"start":{"line":12,"column":22},"end":{"line":12,"column":46}},"34":{"start":{"line":13,"column":2},"end":{"line":25,"column":161}},"35":{"start":{"line":19,"column":8},"end":{"line":19,"column":37}},"36":{"start":{"line":32,"column":0},"end":{"line":32,"column":4}},"37":{"start":{"line":32,"column":5},"end":{"line":32,"column":32}},"38":{"start":{"line":34,"column":13},"end":{"line":36,"column":35}}},"fnMap":{"0":{"name":"_getRequireWildcardCache","decl":{"start":{"line":9,"column":179},"end":{"line":9,"column":203}},"loc":{"start":{"line":9,"column":217},"end":{"line":9,"column":498}},"line":9},"1":{"name":"_getRequireWildcardCache","decl":{"start":{"line":9,"column":384},"end":{"line":9,"column":408}},"loc":{"start":{"line":9,"column":422},"end":{"line":9,"column":482}},"line":9},"2":{"name":"_interopRequireWildcard","decl":{"start":{"line":9,"column":507},"end":{"line":9,"column":530}},"loc":{"start":{"line":9,"column":549},"end":{"line":9,"column":1274}},"line":9},"3":{"name":"Home","decl":{"start":{"line":11,"column":20},"end":{"line":11,"column":24}},"loc":{"start":{"line":11,"column":27},"end":{"line":30,"column":1}},"line":11},"4":{"name":"ref","decl":{"start":{"line":18,"column":20},"end":{"line":18,"column":23}},"loc":{"start":{"line":18,"column":30},"end":{"line":20,"column":7}},"line":18}},"branchMap":{"0":{"loc":{"start":{"line":9,"column":218},"end":{"line":9,"column":265}},"type":"if","locations":[{"start":{"line":9,"column":218},"end":{"line":9,"column":265}},{"start":{},"end":{}}],"line":9},"1":{"loc":{"start":{"line":9,"column":430},"end":{"line":9,"column":480}},"type":"cond-expr","locations":[{"start":{"line":9,"column":444},"end":{"line":9,"column":460}},{"start":{"line":9,"column":463},"end":{"line":9,"column":480}}],"line":9},"2":{"loc":{"start":{"line":9,"column":550},"end":{"line":9,"column":606}},"type":"if","locations":[{"start":{"line":9,"column":550},"end":{"line":9,"column":606}},{"start":{},"end":{}}],"line":9},"3":{"loc":{"start":{"line":9,"column":554},"end":{"line":9,"column":591}},"type":"binary-expr","locations":[{"start":{"line":9,"column":554},"end":{"line":9,"column":566}},{"start":{"line":9,"column":570},"end":{"line":9,"column":573}},{"start":{"line":9,"column":577},"end":{"line":9,"column":591}}],"line":9},"4":{"loc":{"start":{"line":9,"column":606},"end":{"line":9,"column":706}},"type":"if","locations":[{"start":{"line":9,"column":606},"end":{"line":9,"column":706}},{"start":{},"end":{}}],"line":9},"5":{"loc":{"start":{"line":9,"column":610},"end":{"line":9,"column":678}},"type":"binary-expr","locations":[{"start":{"line":9,"column":610},"end":{"line":9,"column":622}},{"start":{"line":9,"column":626},"end":{"line":9,"column":649}},{"start":{"line":9,"column":653},"end":{"line":9,"column":678}}],"line":9},"6":{"loc":{"start":{"line":9,"column":756},"end":{"line":9,"column":809}},"type":"if","locations":[{"start":{"line":9,"column":756},"end":{"line":9,"column":809}},{"start":{},"end":{}}],"line":9},"7":{"loc":{"start":{"line":9,"column":760},"end":{"line":9,"column":783}},"type":"binary-expr","locations":[{"start":{"line":9,"column":760},"end":{"line":9,"column":765}},{"start":{"line":9,"column":769},"end":{"line":9,"column":783}}],"line":9},"8":{"loc":{"start":{"line":9,"column":853},"end":{"line":9,"column":909}},"type":"binary-expr","locations":[{"start":{"line":9,"column":853},"end":{"line":9,"column":874}},{"start":{"line":9,"column":878},"end":{"line":9,"column":909}}],"line":9},"9":{"loc":{"start":{"line":9,"column":932},"end":{"line":9,"column":1201}},"type":"if","locations":[{"start":{"line":9,"column":932},"end":{"line":9,"column":1201}},{"start":{},"end":{}}],"line":9},"10":{"loc":{"start":{"line":9,"column":936},"end":{"line":9,"column":1003}},"type":"binary-expr","locations":[{"start":{"line":9,"column":936},"end":{"line":9,"column":953}},{"start":{"line":9,"column":957},"end":{"line":9,"column":1003}}],"line":9},"11":{"loc":{"start":{"line":9,"column":1017},"end":{"line":9,"column":1089}},"type":"cond-expr","locations":[{"start":{"line":9,"column":1041},"end":{"line":9,"column":1082}},{"start":{"line":9,"column":1085},"end":{"line":9,"column":1089}}],"line":9},"12":{"loc":{"start":{"line":9,"column":1090},"end":{"line":9,"column":1200}},"type":"if","locations":[{"start":{"line":9,"column":1090},"end":{"line":9,"column":1200}},{"start":{"line":9,"column":1175},"end":{"line":9,"column":1200}}],"line":9},"13":{"loc":{"start":{"line":9,"column":1094},"end":{"line":9,"column":1124}},"type":"binary-expr","locations":[{"start":{"line":9,"column":1094},"end":{"line":9,"column":1098}},{"start":{"line":9,"column":1103},"end":{"line":9,"column":1111}},{"start":{"line":9,"column":1115},"end":{"line":9,"column":1123}}],"line":9},"14":{"loc":{"start":{"line":9,"column":1223},"end":{"line":9,"column":1259}},"type":"if","locations":[{"start":{"line":9,"column":1223},"end":{"line":9,"column":1259}},{"start":{},"end":{}}],"line":9}},"s":{"0":1,"1":1,"2":1,"3":1,"4":1,"5":1,"6":1,"7":1,"8":0,"9":1,"10":1,"11":1,"12":1,"13":1,"14":0,"15":1,"16":0,"17":1,"18":1,"19":0,"20":1,"21":1,"22":1,"23":35,"24":35,"25":35,"26":0,"27":35,"28":1,"29":1,"30":1,"31":1,"32":1,"33":1,"34":1,"35":2,"36":1,"37":1,"38":1},"f":{"0":1,"1":1,"2":1,"3":1,"4":2},"b":{"0":[0,1],"1":[0,1],"2":[0,1],"3":[1,1,1],"4":[0,1],"5":[1,1,0],"6":[0,1],"7":[1,1],"8":[1,1],"9":[35,0],"10":[35,35],"11":[35,0],"12":[0,35],"13":[35,35,35],"14":[1,0]},"inputSourceMap":null,"_coverageSchema":"1a1c01bbd47fc00a2c39e90264f33305004495a9","hash":"040bc342ad286b4bb4ad57cb4974273cd513265c"}
,"/Users/anyahuang/Share/shareapp1/packages/supervisor-ui/tabs/supervisee/screens/home.tsx": {"path":"/Users/anyahuang/Share/shareapp1/packages/supervisor-ui/tabs/supervisee/screens/home.tsx","statementMap":{"0":{"start":{"line":1,"column":13},"end":{"line":1,"column":75}},"1":{"start":{"line":1,"column":75},"end":{"line":1,"column":100}},"2":{"start":{"line":1,"column":113},"end":{"line":1,"column":154}},"3":{"start":{"line":2,"column":19},"end":{"line":2,"column":42}},"4":{"start":{"line":9,"column":16},"end":{"line":9,"column":47}},"5":{"start":{"line":9,"column":60},"end":{"line":9,"column":64}},"6":{"start":{"line":9,"column":80},"end":{"line":9,"column":170}},"7":{"start":{"line":9,"column":219},"end":{"line":9,"column":266}},"8":{"start":{"line":9,"column":254},"end":{"line":9,"column":266}},"9":{"start":{"line":9,"column":290},"end":{"line":9,"column":303}},"10":{"start":{"line":9,"column":327},"end":{"line":9,"column":340}},"11":{"start":{"line":9,"column":341},"end":{"line":9,"column":498}},"12":{"start":{"line":9,"column":424},"end":{"line":9,"column":482}},"13":{"start":{"line":9,"column":551},"end":{"line":9,"column":607}},"14":{"start":{"line":9,"column":595},"end":{"line":9,"column":606}},"15":{"start":{"line":9,"column":607},"end":{"line":9,"column":707}},"16":{"start":{"line":9,"column":682},"end":{"line":9,"column":706}},"17":{"start":{"line":9,"column":719},"end":{"line":9,"column":756}},"18":{"start":{"line":9,"column":757},"end":{"line":9,"column":810}},"19":{"start":{"line":9,"column":787},"end":{"line":9,"column":809}},"20":{"start":{"line":9,"column":823},"end":{"line":9,"column":825}},"21":{"start":{"line":9,"column":854},"end":{"line":9,"column":910}},"22":{"start":{"line":9,"column":911},"end":{"line":9,"column":1203}},"23":{"start":{"line":9,"column":933},"end":{"line":9,"column":1202}},"24":{"start":{"line":9,"column":1018},"end":{"line":9,"column":1090}},"25":{"start":{"line":9,"column":1091},"end":{"line":9,"column":1201}},"26":{"start":{"line":9,"column":1128},"end":{"line":9,"column":1169}},"27":{"start":{"line":9,"column":1177},"end":{"line":9,"column":1200}},"28":{"start":{"line":9,"column":1203},"end":{"line":9,"column":1224}},"29":{"start":{"line":9,"column":1224},"end":{"line":9,"column":1260}},"30":{"start":{"line":9,"column":1236},"end":{"line":9,"column":1259}},"31":{"start":{"line":9,"column":1260},"end":{"line":9,"column":1274}},"32":{"start":{"line":11,"column":11},"end":{"line":30,"column":1}},"33":{"start":{"line":12,"column":22},"end":{"line":12,"column":46}},"34":{"start":{"line":13,"column":2},"end":{"line":25,"column":161}},"35":{"start":{"line":19,"column":8},"end":{"line":19,"column":37}},"36":{"start":{"line":32,"column":0},"end":{"line":32,"column":4}},"37":{"start":{"line":32,"column":5},"end":{"line":32,"column":32}},"38":{"start":{"line":34,"column":13},"end":{"line":36,"column":35}}},"fnMap":{"0":{"name":"_getRequireWildcardCache","decl":{"start":{"line":9,"column":180},"end":{"line":9,"column":204}},"loc":{"start":{"line":9,"column":218},"end":{"line":9,"column":499}},"line":9},"1":{"name":"_getRequireWildcardCache","decl":{"start":{"line":9,"column":385},"end":{"line":9,"column":409}},"loc":{"start":{"line":9,"column":423},"end":{"line":9,"column":483}},"line":9},"2":{"name":"_interopRequireWildcard","decl":{"start":{"line":9,"column":508},"end":{"line":9,"column":531}},"loc":{"start":{"line":9,"column":550},"end":{"line":9,"column":1275}},"line":9},"3":{"name":"Home","decl":{"start":{"line":11,"column":20},"end":{"line":11,"column":24}},"loc":{"start":{"line":11,"column":27},"end":{"line":30,"column":1}},"line":11},"4":{"name":"ref","decl":{"start":{"line":18,"column":20},"end":{"line":18,"column":23}},"loc":{"start":{"line":18,"column":30},"end":{"line":20,"column":7}},"line":18}},"branchMap":{"0":{"loc":{"start":{"line":9,"column":219},"end":{"line":9,"column":266}},"type":"if","locations":[{"start":{"line":9,"column":219},"end":{"line":9,"column":266}},{"start":{},"end":{}}],"line":9},"1":{"loc":{"start":{"line":9,"column":431},"end":{"line":9,"column":481}},"type":"cond-expr","locations":[{"start":{"line":9,"column":445},"end":{"line":9,"column":461}},{"start":{"line":9,"column":464},"end":{"line":9,"column":481}}],"line":9},"2":{"loc":{"start":{"line":9,"column":551},"end":{"line":9,"column":607}},"type":"if","locations":[{"start":{"line":9,"column":551},"end":{"line":9,"column":607}},{"start":{},"end":{}}],"line":9},"3":{"loc":{"start":{"line":9,"column":555},"end":{"line":9,"column":592}},"type":"binary-expr","locations":[{"start":{"line":9,"column":555},"end":{"line":9,"column":567}},{"start":{"line":9,"column":571},"end":{"line":9,"column":574}},{"start":{"line":9,"column":578},"end":{"line":9,"column":592}}],"line":9},"4":{"loc":{"start":{"line":9,"column":607},"end":{"line":9,"column":707}},"type":"if","locations":[{"start":{"line":9,"column":607},"end":{"line":9,"column":707}},{"start":{},"end":{}}],"line":9},"5":{"loc":{"start":{"line":9,"column":611},"end":{"line":9,"column":679}},"type":"binary-expr","locations":[{"start":{"line":9,"column":611},"end":{"line":9,"column":623}},{"start":{"line":9,"column":627},"end":{"line":9,"column":650}},{"start":{"line":9,"column":654},"end":{"line":9,"column":679}}],"line":9},"6":{"loc":{"start":{"line":9,"column":757},"end":{"line":9,"column":810}},"type":"if","locations":[{"start":{"line":9,"column":757},"end":{"line":9,"column":810}},{"start":{},"end":{}}],"line":9},"7":{"loc":{"start":{"line":9,"column":761},"end":{"line":9,"column":784}},"type":"binary-expr","locations":[{"start":{"line":9,"column":761},"end":{"line":9,"column":766}},{"start":{"line":9,"column":770},"end":{"line":9,"column":784}}],"line":9},"8":{"loc":{"start":{"line":9,"column":854},"end":{"line":9,"column":910}},"type":"binary-expr","locations":[{"start":{"line":9,"column":854},"end":{"line":9,"column":875}},{"start":{"line":9,"column":879},"end":{"line":9,"column":910}}],"line":9},"9":{"loc":{"start":{"line":9,"column":933},"end":{"line":9,"column":1202}},"type":"if","locations":[{"start":{"line":9,"column":933},"end":{"line":9,"column":1202}},{"start":{},"end":{}}],"line":9},"10":{"loc":{"start":{"line":9,"column":937},"end":{"line":9,"column":1004}},"type":"binary-expr","locations":[{"start":{"line":9,"column":937},"end":{"line":9,"column":954}},{"start":{"line":9,"column":958},"end":{"line":9,"column":1004}}],"line":9},"11":{"loc":{"start":{"line":9,"column":1018},"end":{"line":9,"column":1090}},"type":"cond-expr","locations":[{"start":{"line":9,"column":1042},"end":{"line":9,"column":1083}},{"start":{"line":9,"column":1086},"end":{"line":9,"column":1090}}],"line":9},"12":{"loc":{"start":{"line":9,"column":1091},"end":{"line":9,"column":1201}},"type":"if","locations":[{"start":{"line":9,"column":1091},"end":{"line":9,"column":1201}},{"start":{"line":9,"column":1176},"end":{"line":9,"column":1201}}],"line":9},"13":{"loc":{"start":{"line":9,"column":1095},"end":{"line":9,"column":1125}},"type":"binary-expr","locations":[{"start":{"line":9,"column":1095},"end":{"line":9,"column":1099}},{"start":{"line":9,"column":1104},"end":{"line":9,"column":1112}},{"start":{"line":9,"column":1116},"end":{"line":9,"column":1124}}],"line":9},"14":{"loc":{"start":{"line":9,"column":1224},"end":{"line":9,"column":1260}},"type":"if","locations":[{"start":{"line":9,"column":1224},"end":{"line":9,"column":1260}},{"start":{},"end":{}}],"line":9}},"s":{"0":1,"1":1,"2":1,"3":1,"4":1,"5":1,"6":1,"7":1,"8":0,"9":1,"10":1,"11":1,"12":1,"13":1,"14":0,"15":1,"16":0,"17":1,"18":1,"19":0,"20":1,"21":1,"22":1,"23":35,"24":35,"25":35,"26":0,"27":35,"28":1,"29":1,"30":1,"31":1,"32":1,"33":1,"34":1,"35":2,"36":1,"37":1,"38":1},"f":{"0":1,"1":1,"2":1,"3":1,"4":2},"b":{"0":[0,1],"1":[0,1],"2":[0,1],"3":[1,1,1],"4":[0,1],"5":[1,1,0],"6":[0,1],"7":[1,1],"8":[1,1],"9":[35,0],"10":[35,35],"11":[35,0],"12":[0,35],"13":[35,35,35],"14":[1,0]},"inputSourceMap":null,"_coverageSchema":"1a1c01bbd47fc00a2c39e90264f33305004495a9","hash":"4eb6cdb74efa79a61eb5d1833e08f6f5dcad504c"}
,"/Users/anyahuang/Share/shareapp1/packages/supervisor-ui/tabs/tasks/screens/home.tsx": {"path":"/Users/anyahuang/Share/shareapp1/packages/supervisor-ui/tabs/tasks/screens/home.tsx","statementMap":{"0":{"start":{"line":1,"column":13},"end":{"line":1,"column":75}},"1":{"start":{"line":1,"column":75},"end":{"line":1,"column":100}},"2":{"start":{"line":1,"column":113},"end":{"line":1,"column":154}},"3":{"start":{"line":2,"column":19},"end":{"line":2,"column":42}},"4":{"start":{"line":9,"column":16},"end":{"line":9,"column":47}},"5":{"start":{"line":9,"column":60},"end":{"line":9,"column":64}},"6":{"start":{"line":9,"column":80},"end":{"line":9,"column":165}},"7":{"start":{"line":9,"column":214},"end":{"line":9,"column":261}},"8":{"start":{"line":9,"column":249},"end":{"line":9,"column":261}},"9":{"start":{"line":9,"column":285},"end":{"line":9,"column":298}},"10":{"start":{"line":9,"column":322},"end":{"line":9,"column":335}},"11":{"start":{"line":9,"column":336},"end":{"line":9,"column":493}},"12":{"start":{"line":9,"column":419},"end":{"line":9,"column":477}},"13":{"start":{"line":9,"column":546},"end":{"line":9,"column":602}},"14":{"start":{"line":9,"column":590},"end":{"line":9,"column":601}},"15":{"start":{"line":9,"column":602},"end":{"line":9,"column":702}},"16":{"start":{"line":9,"column":677},"end":{"line":9,"column":701}},"17":{"start":{"line":9,"column":714},"end":{"line":9,"column":751}},"18":{"start":{"line":9,"column":752},"end":{"line":9,"column":805}},"19":{"start":{"line":9,"column":782},"end":{"line":9,"column":804}},"20":{"start":{"line":9,"column":818},"end":{"line":9,"column":820}},"21":{"start":{"line":9,"column":849},"end":{"line":9,"column":905}},"22":{"start":{"line":9,"column":906},"end":{"line":9,"column":1198}},"23":{"start":{"line":9,"column":928},"end":{"line":9,"column":1197}},"24":{"start":{"line":9,"column":1013},"end":{"line":9,"column":1085}},"25":{"start":{"line":9,"column":1086},"end":{"line":9,"column":1196}},"26":{"start":{"line":9,"column":1123},"end":{"line":9,"column":1164}},"27":{"start":{"line":9,"column":1172},"end":{"line":9,"column":1195}},"28":{"start":{"line":9,"column":1198},"end":{"line":9,"column":1219}},"29":{"start":{"line":9,"column":1219},"end":{"line":9,"column":1255}},"30":{"start":{"line":9,"column":1231},"end":{"line":9,"column":1254}},"31":{"start":{"line":9,"column":1255},"end":{"line":9,"column":1269}},"32":{"start":{"line":11,"column":11},"end":{"line":30,"column":1}},"33":{"start":{"line":12,"column":22},"end":{"line":12,"column":46}},"34":{"start":{"line":13,"column":2},"end":{"line":25,"column":161}},"35":{"start":{"line":19,"column":8},"end":{"line":19,"column":37}},"36":{"start":{"line":32,"column":0},"end":{"line":32,"column":4}},"37":{"start":{"line":32,"column":5},"end":{"line":32,"column":32}},"38":{"start":{"line":34,"column":13},"end":{"line":36,"column":35}}},"fnMap":{"0":{"name":"_getRequireWildcardCache","decl":{"start":{"line":9,"column":175},"end":{"line":9,"column":199}},"loc":{"start":{"line":9,"column":213},"end":{"line":9,"column":494}},"line":9},"1":{"name":"_getRequireWildcardCache","decl":{"start":{"line":9,"column":380},"end":{"line":9,"column":404}},"loc":{"start":{"line":9,"column":418},"end":{"line":9,"column":478}},"line":9},"2":{"name":"_interopRequireWildcard","decl":{"start":{"line":9,"column":503},"end":{"line":9,"column":526}},"loc":{"start":{"line":9,"column":545},"end":{"line":9,"column":1270}},"line":9},"3":{"name":"Home","decl":{"start":{"line":11,"column":20},"end":{"line":11,"column":24}},"loc":{"start":{"line":11,"column":27},"end":{"line":30,"column":1}},"line":11},"4":{"name":"ref","decl":{"start":{"line":18,"column":20},"end":{"line":18,"column":23}},"loc":{"start":{"line":18,"column":30},"end":{"line":20,"column":7}},"line":18}},"branchMap":{"0":{"loc":{"start":{"line":9,"column":214},"end":{"line":9,"column":261}},"type":"if","locations":[{"start":{"line":9,"column":214},"end":{"line":9,"column":261}},{"start":{},"end":{}}],"line":9},"1":{"loc":{"start":{"line":9,"column":426},"end":{"line":9,"column":476}},"type":"cond-expr","locations":[{"start":{"line":9,"column":440},"end":{"line":9,"column":456}},{"start":{"line":9,"column":459},"end":{"line":9,"column":476}}],"line":9},"2":{"loc":{"start":{"line":9,"column":546},"end":{"line":9,"column":602}},"type":"if","locations":[{"start":{"line":9,"column":546},"end":{"line":9,"column":602}},{"start":{},"end":{}}],"line":9},"3":{"loc":{"start":{"line":9,"column":550},"end":{"line":9,"column":587}},"type":"binary-expr","locations":[{"start":{"line":9,"column":550},"end":{"line":9,"column":562}},{"start":{"line":9,"column":566},"end":{"line":9,"column":569}},{"start":{"line":9,"column":573},"end":{"line":9,"column":587}}],"line":9},"4":{"loc":{"start":{"line":9,"column":602},"end":{"line":9,"column":702}},"type":"if","locations":[{"start":{"line":9,"column":602},"end":{"line":9,"column":702}},{"start":{},"end":{}}],"line":9},"5":{"loc":{"start":{"line":9,"column":606},"end":{"line":9,"column":674}},"type":"binary-expr","locations":[{"start":{"line":9,"column":606},"end":{"line":9,"column":618}},{"start":{"line":9,"column":622},"end":{"line":9,"column":645}},{"start":{"line":9,"column":649},"end":{"line":9,"column":674}}],"line":9},"6":{"loc":{"start":{"line":9,"column":752},"end":{"line":9,"column":805}},"type":"if","locations":[{"start":{"line":9,"column":752},"end":{"line":9,"column":805}},{"start":{},"end":{}}],"line":9},"7":{"loc":{"start":{"line":9,"column":756},"end":{"line":9,"column":779}},"type":"binary-expr","locations":[{"start":{"line":9,"column":756},"end":{"line":9,"column":761}},{"start":{"line":9,"column":765},"end":{"line":9,"column":779}}],"line":9},"8":{"loc":{"start":{"line":9,"column":849},"end":{"line":9,"column":905}},"type":"binary-expr","locations":[{"start":{"line":9,"column":849},"end":{"line":9,"column":870}},{"start":{"line":9,"column":874},"end":{"line":9,"column":905}}],"line":9},"9":{"loc":{"start":{"line":9,"column":928},"end":{"line":9,"column":1197}},"type":"if","locations":[{"start":{"line":9,"column":928},"end":{"line":9,"column":1197}},{"start":{},"end":{}}],"line":9},"10":{"loc":{"start":{"line":9,"column":932},"end":{"line":9,"column":999}},"type":"binary-expr","locations":[{"start":{"line":9,"column":932},"end":{"line":9,"column":949}},{"start":{"line":9,"column":953},"end":{"line":9,"column":999}}],"line":9},"11":{"loc":{"start":{"line":9,"column":1013},"end":{"line":9,"column":1085}},"type":"cond-expr","locations":[{"start":{"line":9,"column":1037},"end":{"line":9,"column":1078}},{"start":{"line":9,"column":1081},"end":{"line":9,"column":1085}}],"line":9},"12":{"loc":{"start":{"line":9,"column":1086},"end":{"line":9,"column":1196}},"type":"if","locations":[{"start":{"line":9,"column":1086},"end":{"line":9,"column":1196}},{"start":{"line":9,"column":1171},"end":{"line":9,"column":1196}}],"line":9},"13":{"loc":{"start":{"line":9,"column":1090},"end":{"line":9,"column":1120}},"type":"binary-expr","locations":[{"start":{"line":9,"column":1090},"end":{"line":9,"column":1094}},{"start":{"line":9,"column":1099},"end":{"line":9,"column":1107}},{"start":{"line":9,"column":1111},"end":{"line":9,"column":1119}}],"line":9},"14":{"loc":{"start":{"line":9,"column":1219},"end":{"line":9,"column":1255}},"type":"if","locations":[{"start":{"line":9,"column":1219},"end":{"line":9,"column":1255}},{"start":{},"end":{}}],"line":9}},"s":{"0":1,"1":1,"2":1,"3":1,"4":1,"5":1,"6":1,"7":1,"8":0,"9":1,"10":1,"11":1,"12":1,"13":1,"14":0,"15":1,"16":0,"17":1,"18":1,"19":0,"20":1,"21":1,"22":1,"23":35,"24":35,"25":35,"26":0,"27":35,"28":1,"29":1,"30":1,"31":1,"32":1,"33":1,"34":1,"35":2,"36":1,"37":1,"38":1},"f":{"0":1,"1":1,"2":1,"3":1,"4":2},"b":{"0":[0,1],"1":[0,1],"2":[0,1],"3":[1,1,1],"4":[0,1],"5":[1,1,0],"6":[0,1],"7":[1,1],"8":[1,1],"9":[35,0],"10":[35,35],"11":[35,0],"12":[0,35],"13":[35,35,35],"14":[1,0]},"inputSourceMap":null,"_coverageSchema":"1a1c01bbd47fc00a2c39e90264f33305004495a9","hash":"d64834bcb3207ffeca096a105e81be6cf81ff485"}
}
