{"/Users/anyahuang/Share/shareapp1/packages/supervisor-ui/tabs/dashboard/screens/dashboard.tsx": {"path":"/Users/anyahuang/Share/shareapp1/packages/supervisor-ui/tabs/dashboard/screens/dashboard.tsx","statementMap":{"0":{"start":{"line":1,"column":42},"end":{"line":1,"column":97}},"1":{"start":{"line":1,"column":98},"end":{"line":1,"column":160}},"2":{"start":{"line":1,"column":160},"end":{"line":1,"column":185}},"3":{"start":{"line":1,"column":198},"end":{"line":1,"column":239}},"4":{"start":{"line":2,"column":19},"end":{"line":2,"column":42}},"5":{"start":{"line":3,"column":14},"end":{"line":3,"column":49}},"6":{"start":{"line":5,"column":14},"end":{"line":5,"column":96}},"7":{"start":{"line":6,"column":16},"end":{"line":6,"column":102}},"8":{"start":{"line":6,"column":115},"end":{"line":6,"column":119}},"9":{"start":{"line":6,"column":135},"end":{"line":6,"column":229}},"10":{"start":{"line":6,"column":278},"end":{"line":6,"column":325}},"11":{"start":{"line":6,"column":313},"end":{"line":6,"column":325}},"12":{"start":{"line":6,"column":349},"end":{"line":6,"column":362}},"13":{"start":{"line":6,"column":386},"end":{"line":6,"column":399}},"14":{"start":{"line":6,"column":400},"end":{"line":6,"column":557}},"15":{"start":{"line":6,"column":483},"end":{"line":6,"column":541}},"16":{"start":{"line":6,"column":610},"end":{"line":6,"column":666}},"17":{"start":{"line":6,"column":654},"end":{"line":6,"column":665}},"18":{"start":{"line":6,"column":666},"end":{"line":6,"column":766}},"19":{"start":{"line":6,"column":741},"end":{"line":6,"column":765}},"20":{"start":{"line":6,"column":778},"end":{"line":6,"column":815}},"21":{"start":{"line":6,"column":816},"end":{"line":6,"column":869}},"22":{"start":{"line":6,"column":846},"end":{"line":6,"column":868}},"23":{"start":{"line":6,"column":882},"end":{"line":6,"column":884}},"24":{"start":{"line":6,"column":913},"end":{"line":6,"column":969}},"25":{"start":{"line":6,"column":970},"end":{"line":6,"column":1262}},"26":{"start":{"line":6,"column":992},"end":{"line":6,"column":1261}},"27":{"start":{"line":6,"column":1077},"end":{"line":6,"column":1149}},"28":{"start":{"line":6,"column":1150},"end":{"line":6,"column":1260}},"29":{"start":{"line":6,"column":1187},"end":{"line":6,"column":1228}},"30":{"start":{"line":6,"column":1236},"end":{"line":6,"column":1259}},"31":{"start":{"line":6,"column":1262},"end":{"line":6,"column":1283}},"32":{"start":{"line":6,"column":1283},"end":{"line":6,"column":1319}},"33":{"start":{"line":6,"column":1295},"end":{"line":6,"column":1318}},"34":{"start":{"line":6,"column":1319},"end":{"line":6,"column":1333}},"35":{"start":{"line":8,"column":16},"end":{"line":29,"column":1}},"36":{"start":{"line":9,"column":22},"end":{"line":9,"column":46}},"37":{"start":{"line":10,"column":23},"end":{"line":10,"column":51}},"38":{"start":{"line":10,"column":63},"end":{"line":10,"column":86}},"39":{"start":{"line":11,"column":2},"end":{"line":24,"column":160}},"40":{"start":{"line":17,"column":8},"end":{"line":17,"column":37}},"41":{"start":{"line":23,"column":83},"end":{"line":23,"column":109}},"42":{"start":{"line":31,"column":0},"end":{"line":31,"column":9}},"43":{"start":{"line":31,"column":10},"end":{"line":31,"column":37}},"44":{"start":{"line":33,"column":13},"end":{"line":35,"column":35}}},"fnMap":{"0":{"name":"_getRequireWildcardCache","decl":{"start":{"line":6,"column":239},"end":{"line":6,"column":263}},"loc":{"start":{"line":6,"column":277},"end":{"line":6,"column":558}},"line":6},"1":{"name":"_getRequireWildcardCache","decl":{"start":{"line":6,"column":444},"end":{"line":6,"column":468}},"loc":{"start":{"line":6,"column":482},"end":{"line":6,"column":542}},"line":6},"2":{"name":"_interopRequireWildcard","decl":{"start":{"line":6,"column":567},"end":{"line":6,"column":590}},"loc":{"start":{"line":6,"column":609},"end":{"line":6,"column":1334}},"line":6},"3":{"name":"Dashboard","decl":{"start":{"line":8,"column":25},"end":{"line":8,"column":34}},"loc":{"start":{"line":8,"column":37},"end":{"line":29,"column":1}},"line":8},"4":{"name":"ref","decl":{"start":{"line":16,"column":20},"end":{"line":16,"column":23}},"loc":{"start":{"line":16,"column":30},"end":{"line":18,"column":7}},"line":16},"5":{"name":"onPress","decl":{"start":{"line":23,"column":72},"end":{"line":23,"column":79}},"loc":{"start":{"line":23,"column":82},"end":{"line":23,"column":110}},"line":23}},"branchMap":{"0":{"loc":{"start":{"line":6,"column":278},"end":{"line":6,"column":325}},"type":"if","locations":[{"start":{"line":6,"column":278},"end":{"line":6,"column":325}},{"start":{},"end":{}}],"line":6},"1":{"loc":{"start":{"line":6,"column":490},"end":{"line":6,"column":540}},"type":"cond-expr","locations":[{"start":{"line":6,"column":504},"end":{"line":6,"column":520}},{"start":{"line":6,"column":523},"end":{"line":6,"column":540}}],"line":6},"2":{"loc":{"start":{"line":6,"column":610},"end":{"line":6,"column":666}},"type":"if","locations":[{"start":{"line":6,"column":610},"end":{"line":6,"column":666}},{"start":{},"end":{}}],"line":6},"3":{"loc":{"start":{"line":6,"column":614},"end":{"line":6,"column":651}},"type":"binary-expr","locations":[{"start":{"line":6,"column":614},"end":{"line":6,"column":626}},{"start":{"line":6,"column":630},"end":{"line":6,"column":633}},{"start":{"line":6,"column":637},"end":{"line":6,"column":651}}],"line":6},"4":{"loc":{"start":{"line":6,"column":666},"end":{"line":6,"column":766}},"type":"if","locations":[{"start":{"line":6,"column":666},"end":{"line":6,"column":766}},{"start":{},"end":{}}],"line":6},"5":{"loc":{"start":{"line":6,"column":670},"end":{"line":6,"column":738}},"type":"binary-expr","locations":[{"start":{"line":6,"column":670},"end":{"line":6,"column":682}},{"start":{"line":6,"column":686},"end":{"line":6,"column":709}},{"start":{"line":6,"column":713},"end":{"line":6,"column":738}}],"line":6},"6":{"loc":{"start":{"line":6,"column":816},"end":{"line":6,"column":869}},"type":"if","locations":[{"start":{"line":6,"column":816},"end":{"line":6,"column":869}},{"start":{},"end":{}}],"line":6},"7":{"loc":{"start":{"line":6,"column":820},"end":{"line":6,"column":843}},"type":"binary-expr","locations":[{"start":{"line":6,"column":820},"end":{"line":6,"column":825}},{"start":{"line":6,"column":829},"end":{"line":6,"column":843}}],"line":6},"8":{"loc":{"start":{"line":6,"column":913},"end":{"line":6,"column":969}},"type":"binary-expr","locations":[{"start":{"line":6,"column":913},"end":{"line":6,"column":934}},{"start":{"line":6,"column":938},"end":{"line":6,"column":969}}],"line":6},"9":{"loc":{"start":{"line":6,"column":992},"end":{"line":6,"column":1261}},"type":"if","locations":[{"start":{"line":6,"column":992},"end":{"line":6,"column":1261}},{"start":{},"end":{}}],"line":6},"10":{"loc":{"start":{"line":6,"column":996},"end":{"line":6,"column":1063}},"type":"binary-expr","locations":[{"start":{"line":6,"column":996},"end":{"line":6,"column":1013}},{"start":{"line":6,"column":1017},"end":{"line":6,"column":1063}}],"line":6},"11":{"loc":{"start":{"line":6,"column":1077},"end":{"line":6,"column":1149}},"type":"cond-expr","locations":[{"start":{"line":6,"column":1101},"end":{"line":6,"column":1142}},{"start":{"line":6,"column":1145},"end":{"line":6,"column":1149}}],"line":6},"12":{"loc":{"start":{"line":6,"column":1150},"end":{"line":6,"column":1260}},"type":"if","locations":[{"start":{"line":6,"column":1150},"end":{"line":6,"column":1260}},{"start":{"line":6,"column":1235},"end":{"line":6,"column":1260}}],"line":6},"13":{"loc":{"start":{"line":6,"column":1154},"end":{"line":6,"column":1184}},"type":"binary-expr","locations":[{"start":{"line":6,"column":1154},"end":{"line":6,"column":1158}},{"start":{"line":6,"column":1163},"end":{"line":6,"column":1171}},{"start":{"line":6,"column":1175},"end":{"line":6,"column":1183}}],"line":6},"14":{"loc":{"start":{"line":6,"column":1283},"end":{"line":6,"column":1319}},"type":"if","locations":[{"start":{"line":6,"column":1283},"end":{"line":6,"column":1319}},{"start":{},"end":{}}],"line":6}},"s":{"0":1,"1":1,"2":1,"3":1,"4":1,"5":1,"6":1,"7":1,"8":1,"9":1,"10":1,"11":0,"12":1,"13":1,"14":1,"15":1,"16":1,"17":0,"18":1,"19":0,"20":1,"21":1,"22":0,"23":1,"24":1,"25":1,"26":35,"27":35,"28":35,"29":0,"30":35,"31":1,"32":1,"33":1,"34":1,"35":1,"36":1,"37":1,"38":1,"39":1,"40":2,"41":0,"42":1,"43":1,"44":1},"f":{"0":1,"1":1,"2":1,"3":1,"4":2,"5":0},"b":{"0":[0,1],"1":[0,1],"2":[0,1],"3":[1,1,1],"4":[0,1],"5":[1,1,0],"6":[0,1],"7":[1,1],"8":[1,1],"9":[35,0],"10":[35,35],"11":[35,0],"12":[0,35],"13":[35,35,35],"14":[1,0]},"inputSourceMap":null,"_coverageSchema":"1a1c01bbd47fc00a2c39e90264f33305004495a9","hash":"5603e80d02c502089074ecec11fea23f0d8f2ecd"}
,"/Users/anyahuang/Share/shareapp1/packages/supervisor-ui/tabs/more/screens/home.tsx": {"path":"/Users/anyahuang/Share/shareapp1/packages/supervisor-ui/tabs/more/screens/home.tsx","statementMap":{"0":{"start":{"line":1,"column":42},"end":{"line":1,"column":97}},"1":{"start":{"line":1,"column":98},"end":{"line":1,"column":160}},"2":{"start":{"line":1,"column":160},"end":{"line":1,"column":185}},"3":{"start":{"line":1,"column":198},"end":{"line":1,"column":239}},"4":{"start":{"line":2,"column":19},"end":{"line":2,"column":42}},"5":{"start":{"line":4,"column":14},"end":{"line":4,"column":96}},"6":{"start":{"line":4,"column":109},"end":{"line":4,"column":113}},"7":{"start":{"line":4,"column":129},"end":{"line":4,"column":213}},"8":{"start":{"line":4,"column":262},"end":{"line":4,"column":309}},"9":{"start":{"line":4,"column":297},"end":{"line":4,"column":309}},"10":{"start":{"line":4,"column":333},"end":{"line":4,"column":346}},"11":{"start":{"line":4,"column":370},"end":{"line":4,"column":383}},"12":{"start":{"line":4,"column":384},"end":{"line":4,"column":541}},"13":{"start":{"line":4,"column":467},"end":{"line":4,"column":525}},"14":{"start":{"line":4,"column":594},"end":{"line":4,"column":650}},"15":{"start":{"line":4,"column":638},"end":{"line":4,"column":649}},"16":{"start":{"line":4,"column":650},"end":{"line":4,"column":750}},"17":{"start":{"line":4,"column":725},"end":{"line":4,"column":749}},"18":{"start":{"line":4,"column":762},"end":{"line":4,"column":799}},"19":{"start":{"line":4,"column":800},"end":{"line":4,"column":853}},"20":{"start":{"line":4,"column":830},"end":{"line":4,"column":852}},"21":{"start":{"line":4,"column":866},"end":{"line":4,"column":868}},"22":{"start":{"line":4,"column":897},"end":{"line":4,"column":953}},"23":{"start":{"line":4,"column":954},"end":{"line":4,"column":1246}},"24":{"start":{"line":4,"column":976},"end":{"line":4,"column":1245}},"25":{"start":{"line":4,"column":1061},"end":{"line":4,"column":1133}},"26":{"start":{"line":4,"column":1134},"end":{"line":4,"column":1244}},"27":{"start":{"line":4,"column":1171},"end":{"line":4,"column":1212}},"28":{"start":{"line":4,"column":1220},"end":{"line":4,"column":1243}},"29":{"start":{"line":4,"column":1246},"end":{"line":4,"column":1267}},"30":{"start":{"line":4,"column":1267},"end":{"line":4,"column":1303}},"31":{"start":{"line":4,"column":1279},"end":{"line":4,"column":1302}},"32":{"start":{"line":4,"column":1303},"end":{"line":4,"column":1317}},"33":{"start":{"line":6,"column":11},"end":{"line":25,"column":1}},"34":{"start":{"line":7,"column":22},"end":{"line":7,"column":46}},"35":{"start":{"line":8,"column":2},"end":{"line":20,"column":160}},"36":{"start":{"line":14,"column":8},"end":{"line":14,"column":37}},"37":{"start":{"line":27,"column":0},"end":{"line":27,"column":4}},"38":{"start":{"line":27,"column":5},"end":{"line":27,"column":32}},"39":{"start":{"line":29,"column":13},"end":{"line":31,"column":35}}},"fnMap":{"0":{"name":"_getRequireWildcardCache","decl":{"start":{"line":4,"column":223},"end":{"line":4,"column":247}},"loc":{"start":{"line":4,"column":261},"end":{"line":4,"column":542}},"line":4},"1":{"name":"_getRequireWildcardCache","decl":{"start":{"line":4,"column":428},"end":{"line":4,"column":452}},"loc":{"start":{"line":4,"column":466},"end":{"line":4,"column":526}},"line":4},"2":{"name":"_interopRequireWildcard","decl":{"start":{"line":4,"column":551},"end":{"line":4,"column":574}},"loc":{"start":{"line":4,"column":593},"end":{"line":4,"column":1318}},"line":4},"3":{"name":"Home","decl":{"start":{"line":6,"column":20},"end":{"line":6,"column":24}},"loc":{"start":{"line":6,"column":27},"end":{"line":25,"column":1}},"line":6},"4":{"name":"ref","decl":{"start":{"line":13,"column":20},"end":{"line":13,"column":23}},"loc":{"start":{"line":13,"column":30},"end":{"line":15,"column":7}},"line":13}},"branchMap":{"0":{"loc":{"start":{"line":4,"column":262},"end":{"line":4,"column":309}},"type":"if","locations":[{"start":{"line":4,"column":262},"end":{"line":4,"column":309}},{"start":{},"end":{}}],"line":4},"1":{"loc":{"start":{"line":4,"column":474},"end":{"line":4,"column":524}},"type":"cond-expr","locations":[{"start":{"line":4,"column":488},"end":{"line":4,"column":504}},{"start":{"line":4,"column":507},"end":{"line":4,"column":524}}],"line":4},"2":{"loc":{"start":{"line":4,"column":594},"end":{"line":4,"column":650}},"type":"if","locations":[{"start":{"line":4,"column":594},"end":{"line":4,"column":650}},{"start":{},"end":{}}],"line":4},"3":{"loc":{"start":{"line":4,"column":598},"end":{"line":4,"column":635}},"type":"binary-expr","locations":[{"start":{"line":4,"column":598},"end":{"line":4,"column":610}},{"start":{"line":4,"column":614},"end":{"line":4,"column":617}},{"start":{"line":4,"column":621},"end":{"line":4,"column":635}}],"line":4},"4":{"loc":{"start":{"line":4,"column":650},"end":{"line":4,"column":750}},"type":"if","locations":[{"start":{"line":4,"column":650},"end":{"line":4,"column":750}},{"start":{},"end":{}}],"line":4},"5":{"loc":{"start":{"line":4,"column":654},"end":{"line":4,"column":722}},"type":"binary-expr","locations":[{"start":{"line":4,"column":654},"end":{"line":4,"column":666}},{"start":{"line":4,"column":670},"end":{"line":4,"column":693}},{"start":{"line":4,"column":697},"end":{"line":4,"column":722}}],"line":4},"6":{"loc":{"start":{"line":4,"column":800},"end":{"line":4,"column":853}},"type":"if","locations":[{"start":{"line":4,"column":800},"end":{"line":4,"column":853}},{"start":{},"end":{}}],"line":4},"7":{"loc":{"start":{"line":4,"column":804},"end":{"line":4,"column":827}},"type":"binary-expr","locations":[{"start":{"line":4,"column":804},"end":{"line":4,"column":809}},{"start":{"line":4,"column":813},"end":{"line":4,"column":827}}],"line":4},"8":{"loc":{"start":{"line":4,"column":897},"end":{"line":4,"column":953}},"type":"binary-expr","locations":[{"start":{"line":4,"column":897},"end":{"line":4,"column":918}},{"start":{"line":4,"column":922},"end":{"line":4,"column":953}}],"line":4},"9":{"loc":{"start":{"line":4,"column":976},"end":{"line":4,"column":1245}},"type":"if","locations":[{"start":{"line":4,"column":976},"end":{"line":4,"column":1245}},{"start":{},"end":{}}],"line":4},"10":{"loc":{"start":{"line":4,"column":980},"end":{"line":4,"column":1047}},"type":"binary-expr","locations":[{"start":{"line":4,"column":980},"end":{"line":4,"column":997}},{"start":{"line":4,"column":1001},"end":{"line":4,"column":1047}}],"line":4},"11":{"loc":{"start":{"line":4,"column":1061},"end":{"line":4,"column":1133}},"type":"cond-expr","locations":[{"start":{"line":4,"column":1085},"end":{"line":4,"column":1126}},{"start":{"line":4,"column":1129},"end":{"line":4,"column":1133}}],"line":4},"12":{"loc":{"start":{"line":4,"column":1134},"end":{"line":4,"column":1244}},"type":"if","locations":[{"start":{"line":4,"column":1134},"end":{"line":4,"column":1244}},{"start":{"line":4,"column":1219},"end":{"line":4,"column":1244}}],"line":4},"13":{"loc":{"start":{"line":4,"column":1138},"end":{"line":4,"column":1168}},"type":"binary-expr","locations":[{"start":{"line":4,"column":1138},"end":{"line":4,"column":1142}},{"start":{"line":4,"column":1147},"end":{"line":4,"column":1155}},{"start":{"line":4,"column":1159},"end":{"line":4,"column":1167}}],"line":4},"14":{"loc":{"start":{"line":4,"column":1267},"end":{"line":4,"column":1303}},"type":"if","locations":[{"start":{"line":4,"column":1267},"end":{"line":4,"column":1303}},{"start":{},"end":{}}],"line":4}},"s":{"0":1,"1":1,"2":1,"3":1,"4":1,"5":1,"6":1,"7":1,"8":1,"9":0,"10":1,"11":1,"12":1,"13":1,"14":1,"15":0,"16":1,"17":0,"18":1,"19":1,"20":0,"21":1,"22":1,"23":1,"24":35,"25":35,"26":35,"27":0,"28":35,"29":1,"30":1,"31":1,"32":1,"33":1,"34":1,"35":1,"36":2,"37":1,"38":1,"39":1},"f":{"0":1,"1":1,"2":1,"3":1,"4":2},"b":{"0":[0,1],"1":[0,1],"2":[0,1],"3":[1,1,1],"4":[0,1],"5":[1,1,0],"6":[0,1],"7":[1,1],"8":[1,1],"9":[35,0],"10":[35,35],"11":[35,0],"12":[0,35],"13":[35,35,35],"14":[1,0]},"inputSourceMap":null,"_coverageSchema":"1a1c01bbd47fc00a2c39e90264f33305004495a9","hash":"02e963f80c516beff36fe0486d26e8720abd5e0b"}
,"/Users/anyahuang/Share/shareapp1/packages/supervisor-ui/tabs/resources/screens/home.tsx": {"path":"/Users/anyahuang/Share/shareapp1/packages/supervisor-ui/tabs/resources/screens/home.tsx","statementMap":{"0":{"start":{"line":1,"column":42},"end":{"line":1,"column":97}},"1":{"start":{"line":1,"column":98},"end":{"line":1,"column":160}},"2":{"start":{"line":1,"column":160},"end":{"line":1,"column":185}},"3":{"start":{"line":1,"column":198},"end":{"line":1,"column":239}},"4":{"start":{"line":2,"column":19},"end":{"line":2,"column":42}},"5":{"start":{"line":4,"column":14},"end":{"line":4,"column":96}},"6":{"start":{"line":4,"column":109},"end":{"line":4,"column":113}},"7":{"start":{"line":4,"column":129},"end":{"line":4,"column":218}},"8":{"start":{"line":4,"column":267},"end":{"line":4,"column":314}},"9":{"start":{"line":4,"column":302},"end":{"line":4,"column":314}},"10":{"start":{"line":4,"column":338},"end":{"line":4,"column":351}},"11":{"start":{"line":4,"column":375},"end":{"line":4,"column":388}},"12":{"start":{"line":4,"column":389},"end":{"line":4,"column":546}},"13":{"start":{"line":4,"column":472},"end":{"line":4,"column":530}},"14":{"start":{"line":4,"column":599},"end":{"line":4,"column":655}},"15":{"start":{"line":4,"column":643},"end":{"line":4,"column":654}},"16":{"start":{"line":4,"column":655},"end":{"line":4,"column":755}},"17":{"start":{"line":4,"column":730},"end":{"line":4,"column":754}},"18":{"start":{"line":4,"column":767},"end":{"line":4,"column":804}},"19":{"start":{"line":4,"column":805},"end":{"line":4,"column":858}},"20":{"start":{"line":4,"column":835},"end":{"line":4,"column":857}},"21":{"start":{"line":4,"column":871},"end":{"line":4,"column":873}},"22":{"start":{"line":4,"column":902},"end":{"line":4,"column":958}},"23":{"start":{"line":4,"column":959},"end":{"line":4,"column":1251}},"24":{"start":{"line":4,"column":981},"end":{"line":4,"column":1250}},"25":{"start":{"line":4,"column":1066},"end":{"line":4,"column":1138}},"26":{"start":{"line":4,"column":1139},"end":{"line":4,"column":1249}},"27":{"start":{"line":4,"column":1176},"end":{"line":4,"column":1217}},"28":{"start":{"line":4,"column":1225},"end":{"line":4,"column":1248}},"29":{"start":{"line":4,"column":1251},"end":{"line":4,"column":1272}},"30":{"start":{"line":4,"column":1272},"end":{"line":4,"column":1308}},"31":{"start":{"line":4,"column":1284},"end":{"line":4,"column":1307}},"32":{"start":{"line":4,"column":1308},"end":{"line":4,"column":1322}},"33":{"start":{"line":6,"column":11},"end":{"line":25,"column":1}},"34":{"start":{"line":7,"column":22},"end":{"line":7,"column":46}},"35":{"start":{"line":8,"column":2},"end":{"line":20,"column":160}},"36":{"start":{"line":14,"column":8},"end":{"line":14,"column":37}},"37":{"start":{"line":27,"column":0},"end":{"line":27,"column":4}},"38":{"start":{"line":27,"column":5},"end":{"line":27,"column":32}},"39":{"start":{"line":29,"column":13},"end":{"line":31,"column":35}}},"fnMap":{"0":{"name":"_getRequireWildcardCache","decl":{"start":{"line":4,"column":228},"end":{"line":4,"column":252}},"loc":{"start":{"line":4,"column":266},"end":{"line":4,"column":547}},"line":4},"1":{"name":"_getRequireWildcardCache","decl":{"start":{"line":4,"column":433},"end":{"line":4,"column":457}},"loc":{"start":{"line":4,"column":471},"end":{"line":4,"column":531}},"line":4},"2":{"name":"_interopRequireWildcard","decl":{"start":{"line":4,"column":556},"end":{"line":4,"column":579}},"loc":{"start":{"line":4,"column":598},"end":{"line":4,"column":1323}},"line":4},"3":{"name":"Home","decl":{"start":{"line":6,"column":20},"end":{"line":6,"column":24}},"loc":{"start":{"line":6,"column":27},"end":{"line":25,"column":1}},"line":6},"4":{"name":"ref","decl":{"start":{"line":13,"column":20},"end":{"line":13,"column":23}},"loc":{"start":{"line":13,"column":30},"end":{"line":15,"column":7}},"line":13}},"branchMap":{"0":{"loc":{"start":{"line":4,"column":267},"end":{"line":4,"column":314}},"type":"if","locations":[{"start":{"line":4,"column":267},"end":{"line":4,"column":314}},{"start":{},"end":{}}],"line":4},"1":{"loc":{"start":{"line":4,"column":479},"end":{"line":4,"column":529}},"type":"cond-expr","locations":[{"start":{"line":4,"column":493},"end":{"line":4,"column":509}},{"start":{"line":4,"column":512},"end":{"line":4,"column":529}}],"line":4},"2":{"loc":{"start":{"line":4,"column":599},"end":{"line":4,"column":655}},"type":"if","locations":[{"start":{"line":4,"column":599},"end":{"line":4,"column":655}},{"start":{},"end":{}}],"line":4},"3":{"loc":{"start":{"line":4,"column":603},"end":{"line":4,"column":640}},"type":"binary-expr","locations":[{"start":{"line":4,"column":603},"end":{"line":4,"column":615}},{"start":{"line":4,"column":619},"end":{"line":4,"column":622}},{"start":{"line":4,"column":626},"end":{"line":4,"column":640}}],"line":4},"4":{"loc":{"start":{"line":4,"column":655},"end":{"line":4,"column":755}},"type":"if","locations":[{"start":{"line":4,"column":655},"end":{"line":4,"column":755}},{"start":{},"end":{}}],"line":4},"5":{"loc":{"start":{"line":4,"column":659},"end":{"line":4,"column":727}},"type":"binary-expr","locations":[{"start":{"line":4,"column":659},"end":{"line":4,"column":671}},{"start":{"line":4,"column":675},"end":{"line":4,"column":698}},{"start":{"line":4,"column":702},"end":{"line":4,"column":727}}],"line":4},"6":{"loc":{"start":{"line":4,"column":805},"end":{"line":4,"column":858}},"type":"if","locations":[{"start":{"line":4,"column":805},"end":{"line":4,"column":858}},{"start":{},"end":{}}],"line":4},"7":{"loc":{"start":{"line":4,"column":809},"end":{"line":4,"column":832}},"type":"binary-expr","locations":[{"start":{"line":4,"column":809},"end":{"line":4,"column":814}},{"start":{"line":4,"column":818},"end":{"line":4,"column":832}}],"line":4},"8":{"loc":{"start":{"line":4,"column":902},"end":{"line":4,"column":958}},"type":"binary-expr","locations":[{"start":{"line":4,"column":902},"end":{"line":4,"column":923}},{"start":{"line":4,"column":927},"end":{"line":4,"column":958}}],"line":4},"9":{"loc":{"start":{"line":4,"column":981},"end":{"line":4,"column":1250}},"type":"if","locations":[{"start":{"line":4,"column":981},"end":{"line":4,"column":1250}},{"start":{},"end":{}}],"line":4},"10":{"loc":{"start":{"line":4,"column":985},"end":{"line":4,"column":1052}},"type":"binary-expr","locations":[{"start":{"line":4,"column":985},"end":{"line":4,"column":1002}},{"start":{"line":4,"column":1006},"end":{"line":4,"column":1052}}],"line":4},"11":{"loc":{"start":{"line":4,"column":1066},"end":{"line":4,"column":1138}},"type":"cond-expr","locations":[{"start":{"line":4,"column":1090},"end":{"line":4,"column":1131}},{"start":{"line":4,"column":1134},"end":{"line":4,"column":1138}}],"line":4},"12":{"loc":{"start":{"line":4,"column":1139},"end":{"line":4,"column":1249}},"type":"if","locations":[{"start":{"line":4,"column":1139},"end":{"line":4,"column":1249}},{"start":{"line":4,"column":1224},"end":{"line":4,"column":1249}}],"line":4},"13":{"loc":{"start":{"line":4,"column":1143},"end":{"line":4,"column":1173}},"type":"binary-expr","locations":[{"start":{"line":4,"column":1143},"end":{"line":4,"column":1147}},{"start":{"line":4,"column":1152},"end":{"line":4,"column":1160}},{"start":{"line":4,"column":1164},"end":{"line":4,"column":1172}}],"line":4},"14":{"loc":{"start":{"line":4,"column":1272},"end":{"line":4,"column":1308}},"type":"if","locations":[{"start":{"line":4,"column":1272},"end":{"line":4,"column":1308}},{"start":{},"end":{}}],"line":4}},"s":{"0":1,"1":1,"2":1,"3":1,"4":1,"5":1,"6":1,"7":1,"8":1,"9":0,"10":1,"11":1,"12":1,"13":1,"14":1,"15":0,"16":1,"17":0,"18":1,"19":1,"20":0,"21":1,"22":1,"23":1,"24":35,"25":35,"26":35,"27":0,"28":35,"29":1,"30":1,"31":1,"32":1,"33":1,"34":1,"35":1,"36":2,"37":1,"38":1,"39":1},"f":{"0":1,"1":1,"2":1,"3":1,"4":2},"b":{"0":[0,1],"1":[0,1],"2":[0,1],"3":[1,1,1],"4":[0,1],"5":[1,1,0],"6":[0,1],"7":[1,1],"8":[1,1],"9":[35,0],"10":[35,35],"11":[35,0],"12":[0,35],"13":[35,35,35],"14":[1,0]},"inputSourceMap":null,"_coverageSchema":"1a1c01bbd47fc00a2c39e90264f33305004495a9","hash":"956d3a06df0b1c723ff78033b2e99a4d4ac5d19d"}
,"/Users/anyahuang/Share/shareapp1/packages/supervisor-ui/tabs/supervisee/screens/home.tsx": {"path":"/Users/anyahuang/Share/shareapp1/packages/supervisor-ui/tabs/supervisee/screens/home.tsx","statementMap":{"0":{"start":{"line":1,"column":42},"end":{"line":1,"column":97}},"1":{"start":{"line":1,"column":98},"end":{"line":1,"column":160}},"2":{"start":{"line":1,"column":160},"end":{"line":1,"column":185}},"3":{"start":{"line":1,"column":199},"end":{"line":1,"column":281}},"4":{"start":{"line":2,"column":13},"end":{"line":2,"column":54}},"5":{"start":{"line":3,"column":19},"end":{"line":3,"column":42}},"6":{"start":{"line":3,"column":55},"end":{"line":3,"column":59}},"7":{"start":{"line":3,"column":75},"end":{"line":3,"column":165}},"8":{"start":{"line":3,"column":214},"end":{"line":3,"column":261}},"9":{"start":{"line":3,"column":249},"end":{"line":3,"column":261}},"10":{"start":{"line":3,"column":285},"end":{"line":3,"column":298}},"11":{"start":{"line":3,"column":322},"end":{"line":3,"column":335}},"12":{"start":{"line":3,"column":336},"end":{"line":3,"column":493}},"13":{"start":{"line":3,"column":419},"end":{"line":3,"column":477}},"14":{"start":{"line":3,"column":546},"end":{"line":3,"column":602}},"15":{"start":{"line":3,"column":590},"end":{"line":3,"column":601}},"16":{"start":{"line":3,"column":602},"end":{"line":3,"column":702}},"17":{"start":{"line":3,"column":677},"end":{"line":3,"column":701}},"18":{"start":{"line":3,"column":714},"end":{"line":3,"column":751}},"19":{"start":{"line":3,"column":752},"end":{"line":3,"column":805}},"20":{"start":{"line":3,"column":782},"end":{"line":3,"column":804}},"21":{"start":{"line":3,"column":818},"end":{"line":3,"column":820}},"22":{"start":{"line":3,"column":849},"end":{"line":3,"column":905}},"23":{"start":{"line":3,"column":906},"end":{"line":3,"column":1198}},"24":{"start":{"line":3,"column":928},"end":{"line":3,"column":1197}},"25":{"start":{"line":3,"column":1013},"end":{"line":3,"column":1085}},"26":{"start":{"line":3,"column":1086},"end":{"line":3,"column":1196}},"27":{"start":{"line":3,"column":1123},"end":{"line":3,"column":1164}},"28":{"start":{"line":3,"column":1172},"end":{"line":3,"column":1195}},"29":{"start":{"line":3,"column":1198},"end":{"line":3,"column":1219}},"30":{"start":{"line":3,"column":1219},"end":{"line":3,"column":1255}},"31":{"start":{"line":3,"column":1231},"end":{"line":3,"column":1254}},"32":{"start":{"line":3,"column":1255},"end":{"line":3,"column":1269}},"33":{"start":{"line":6,"column":11},"end":{"line":25,"column":1}},"34":{"start":{"line":7,"column":22},"end":{"line":7,"column":46}},"35":{"start":{"line":8,"column":2},"end":{"line":20,"column":160}},"36":{"start":{"line":14,"column":8},"end":{"line":14,"column":37}},"37":{"start":{"line":27,"column":0},"end":{"line":27,"column":4}},"38":{"start":{"line":27,"column":5},"end":{"line":27,"column":32}},"39":{"start":{"line":29,"column":13},"end":{"line":31,"column":35}}},"fnMap":{"0":{"name":"_getRequireWildcardCache","decl":{"start":{"line":3,"column":175},"end":{"line":3,"column":199}},"loc":{"start":{"line":3,"column":213},"end":{"line":3,"column":494}},"line":3},"1":{"name":"_getRequireWildcardCache","decl":{"start":{"line":3,"column":380},"end":{"line":3,"column":404}},"loc":{"start":{"line":3,"column":418},"end":{"line":3,"column":478}},"line":3},"2":{"name":"_interopRequireWildcard","decl":{"start":{"line":3,"column":503},"end":{"line":3,"column":526}},"loc":{"start":{"line":3,"column":545},"end":{"line":3,"column":1270}},"line":3},"3":{"name":"Home","decl":{"start":{"line":6,"column":20},"end":{"line":6,"column":24}},"loc":{"start":{"line":6,"column":27},"end":{"line":25,"column":1}},"line":6},"4":{"name":"ref","decl":{"start":{"line":13,"column":20},"end":{"line":13,"column":23}},"loc":{"start":{"line":13,"column":30},"end":{"line":15,"column":7}},"line":13}},"branchMap":{"0":{"loc":{"start":{"line":3,"column":214},"end":{"line":3,"column":261}},"type":"if","locations":[{"start":{"line":3,"column":214},"end":{"line":3,"column":261}},{"start":{},"end":{}}],"line":3},"1":{"loc":{"start":{"line":3,"column":426},"end":{"line":3,"column":476}},"type":"cond-expr","locations":[{"start":{"line":3,"column":440},"end":{"line":3,"column":456}},{"start":{"line":3,"column":459},"end":{"line":3,"column":476}}],"line":3},"2":{"loc":{"start":{"line":3,"column":546},"end":{"line":3,"column":602}},"type":"if","locations":[{"start":{"line":3,"column":546},"end":{"line":3,"column":602}},{"start":{},"end":{}}],"line":3},"3":{"loc":{"start":{"line":3,"column":550},"end":{"line":3,"column":587}},"type":"binary-expr","locations":[{"start":{"line":3,"column":550},"end":{"line":3,"column":562}},{"start":{"line":3,"column":566},"end":{"line":3,"column":569}},{"start":{"line":3,"column":573},"end":{"line":3,"column":587}}],"line":3},"4":{"loc":{"start":{"line":3,"column":602},"end":{"line":3,"column":702}},"type":"if","locations":[{"start":{"line":3,"column":602},"end":{"line":3,"column":702}},{"start":{},"end":{}}],"line":3},"5":{"loc":{"start":{"line":3,"column":606},"end":{"line":3,"column":674}},"type":"binary-expr","locations":[{"start":{"line":3,"column":606},"end":{"line":3,"column":618}},{"start":{"line":3,"column":622},"end":{"line":3,"column":645}},{"start":{"line":3,"column":649},"end":{"line":3,"column":674}}],"line":3},"6":{"loc":{"start":{"line":3,"column":752},"end":{"line":3,"column":805}},"type":"if","locations":[{"start":{"line":3,"column":752},"end":{"line":3,"column":805}},{"start":{},"end":{}}],"line":3},"7":{"loc":{"start":{"line":3,"column":756},"end":{"line":3,"column":779}},"type":"binary-expr","locations":[{"start":{"line":3,"column":756},"end":{"line":3,"column":761}},{"start":{"line":3,"column":765},"end":{"line":3,"column":779}}],"line":3},"8":{"loc":{"start":{"line":3,"column":849},"end":{"line":3,"column":905}},"type":"binary-expr","locations":[{"start":{"line":3,"column":849},"end":{"line":3,"column":870}},{"start":{"line":3,"column":874},"end":{"line":3,"column":905}}],"line":3},"9":{"loc":{"start":{"line":3,"column":928},"end":{"line":3,"column":1197}},"type":"if","locations":[{"start":{"line":3,"column":928},"end":{"line":3,"column":1197}},{"start":{},"end":{}}],"line":3},"10":{"loc":{"start":{"line":3,"column":932},"end":{"line":3,"column":999}},"type":"binary-expr","locations":[{"start":{"line":3,"column":932},"end":{"line":3,"column":949}},{"start":{"line":3,"column":953},"end":{"line":3,"column":999}}],"line":3},"11":{"loc":{"start":{"line":3,"column":1013},"end":{"line":3,"column":1085}},"type":"cond-expr","locations":[{"start":{"line":3,"column":1037},"end":{"line":3,"column":1078}},{"start":{"line":3,"column":1081},"end":{"line":3,"column":1085}}],"line":3},"12":{"loc":{"start":{"line":3,"column":1086},"end":{"line":3,"column":1196}},"type":"if","locations":[{"start":{"line":3,"column":1086},"end":{"line":3,"column":1196}},{"start":{"line":3,"column":1171},"end":{"line":3,"column":1196}}],"line":3},"13":{"loc":{"start":{"line":3,"column":1090},"end":{"line":3,"column":1120}},"type":"binary-expr","locations":[{"start":{"line":3,"column":1090},"end":{"line":3,"column":1094}},{"start":{"line":3,"column":1099},"end":{"line":3,"column":1107}},{"start":{"line":3,"column":1111},"end":{"line":3,"column":1119}}],"line":3},"14":{"loc":{"start":{"line":3,"column":1219},"end":{"line":3,"column":1255}},"type":"if","locations":[{"start":{"line":3,"column":1219},"end":{"line":3,"column":1255}},{"start":{},"end":{}}],"line":3}},"s":{"0":1,"1":1,"2":1,"3":1,"4":1,"5":1,"6":1,"7":1,"8":1,"9":0,"10":1,"11":1,"12":1,"13":1,"14":1,"15":0,"16":1,"17":0,"18":1,"19":1,"20":0,"21":1,"22":1,"23":1,"24":35,"25":35,"26":35,"27":0,"28":35,"29":1,"30":1,"31":1,"32":1,"33":1,"34":1,"35":1,"36":2,"37":1,"38":1,"39":1},"f":{"0":1,"1":1,"2":1,"3":1,"4":2},"b":{"0":[0,1],"1":[0,1],"2":[0,1],"3":[1,1,1],"4":[0,1],"5":[1,1,0],"6":[0,1],"7":[1,1],"8":[1,1],"9":[35,0],"10":[35,35],"11":[35,0],"12":[0,35],"13":[35,35,35],"14":[1,0]},"inputSourceMap":null,"_coverageSchema":"1a1c01bbd47fc00a2c39e90264f33305004495a9","hash":"99f9a0c81b8cf268fc7f75312358951a006d5146"}
,"/Users/anyahuang/Share/shareapp1/packages/supervisor-ui/tabs/tasks/screens/home.tsx": {"path":"/Users/anyahuang/Share/shareapp1/packages/supervisor-ui/tabs/tasks/screens/home.tsx","statementMap":{"0":{"start":{"line":1,"column":42},"end":{"line":1,"column":97}},"1":{"start":{"line":1,"column":98},"end":{"line":1,"column":160}},"2":{"start":{"line":1,"column":160},"end":{"line":1,"column":185}},"3":{"start":{"line":1,"column":199},"end":{"line":1,"column":281}},"4":{"start":{"line":2,"column":13},"end":{"line":2,"column":54}},"5":{"start":{"line":3,"column":19},"end":{"line":3,"column":42}},"6":{"start":{"line":3,"column":55},"end":{"line":3,"column":59}},"7":{"start":{"line":3,"column":75},"end":{"line":3,"column":160}},"8":{"start":{"line":3,"column":209},"end":{"line":3,"column":256}},"9":{"start":{"line":3,"column":244},"end":{"line":3,"column":256}},"10":{"start":{"line":3,"column":280},"end":{"line":3,"column":293}},"11":{"start":{"line":3,"column":317},"end":{"line":3,"column":330}},"12":{"start":{"line":3,"column":331},"end":{"line":3,"column":488}},"13":{"start":{"line":3,"column":414},"end":{"line":3,"column":472}},"14":{"start":{"line":3,"column":541},"end":{"line":3,"column":597}},"15":{"start":{"line":3,"column":585},"end":{"line":3,"column":596}},"16":{"start":{"line":3,"column":597},"end":{"line":3,"column":697}},"17":{"start":{"line":3,"column":672},"end":{"line":3,"column":696}},"18":{"start":{"line":3,"column":709},"end":{"line":3,"column":746}},"19":{"start":{"line":3,"column":747},"end":{"line":3,"column":800}},"20":{"start":{"line":3,"column":777},"end":{"line":3,"column":799}},"21":{"start":{"line":3,"column":813},"end":{"line":3,"column":815}},"22":{"start":{"line":3,"column":844},"end":{"line":3,"column":900}},"23":{"start":{"line":3,"column":901},"end":{"line":3,"column":1193}},"24":{"start":{"line":3,"column":923},"end":{"line":3,"column":1192}},"25":{"start":{"line":3,"column":1008},"end":{"line":3,"column":1080}},"26":{"start":{"line":3,"column":1081},"end":{"line":3,"column":1191}},"27":{"start":{"line":3,"column":1118},"end":{"line":3,"column":1159}},"28":{"start":{"line":3,"column":1167},"end":{"line":3,"column":1190}},"29":{"start":{"line":3,"column":1193},"end":{"line":3,"column":1214}},"30":{"start":{"line":3,"column":1214},"end":{"line":3,"column":1250}},"31":{"start":{"line":3,"column":1226},"end":{"line":3,"column":1249}},"32":{"start":{"line":3,"column":1250},"end":{"line":3,"column":1264}},"33":{"start":{"line":6,"column":11},"end":{"line":25,"column":1}},"34":{"start":{"line":7,"column":22},"end":{"line":7,"column":46}},"35":{"start":{"line":8,"column":2},"end":{"line":20,"column":160}},"36":{"start":{"line":14,"column":8},"end":{"line":14,"column":37}},"37":{"start":{"line":27,"column":0},"end":{"line":27,"column":4}},"38":{"start":{"line":27,"column":5},"end":{"line":27,"column":32}},"39":{"start":{"line":29,"column":13},"end":{"line":31,"column":35}}},"fnMap":{"0":{"name":"_getRequireWildcardCache","decl":{"start":{"line":3,"column":170},"end":{"line":3,"column":194}},"loc":{"start":{"line":3,"column":208},"end":{"line":3,"column":489}},"line":3},"1":{"name":"_getRequireWildcardCache","decl":{"start":{"line":3,"column":375},"end":{"line":3,"column":399}},"loc":{"start":{"line":3,"column":413},"end":{"line":3,"column":473}},"line":3},"2":{"name":"_interopRequireWildcard","decl":{"start":{"line":3,"column":498},"end":{"line":3,"column":521}},"loc":{"start":{"line":3,"column":540},"end":{"line":3,"column":1265}},"line":3},"3":{"name":"Home","decl":{"start":{"line":6,"column":20},"end":{"line":6,"column":24}},"loc":{"start":{"line":6,"column":27},"end":{"line":25,"column":1}},"line":6},"4":{"name":"ref","decl":{"start":{"line":13,"column":20},"end":{"line":13,"column":23}},"loc":{"start":{"line":13,"column":30},"end":{"line":15,"column":7}},"line":13}},"branchMap":{"0":{"loc":{"start":{"line":3,"column":209},"end":{"line":3,"column":256}},"type":"if","locations":[{"start":{"line":3,"column":209},"end":{"line":3,"column":256}},{"start":{},"end":{}}],"line":3},"1":{"loc":{"start":{"line":3,"column":421},"end":{"line":3,"column":471}},"type":"cond-expr","locations":[{"start":{"line":3,"column":435},"end":{"line":3,"column":451}},{"start":{"line":3,"column":454},"end":{"line":3,"column":471}}],"line":3},"2":{"loc":{"start":{"line":3,"column":541},"end":{"line":3,"column":597}},"type":"if","locations":[{"start":{"line":3,"column":541},"end":{"line":3,"column":597}},{"start":{},"end":{}}],"line":3},"3":{"loc":{"start":{"line":3,"column":545},"end":{"line":3,"column":582}},"type":"binary-expr","locations":[{"start":{"line":3,"column":545},"end":{"line":3,"column":557}},{"start":{"line":3,"column":561},"end":{"line":3,"column":564}},{"start":{"line":3,"column":568},"end":{"line":3,"column":582}}],"line":3},"4":{"loc":{"start":{"line":3,"column":597},"end":{"line":3,"column":697}},"type":"if","locations":[{"start":{"line":3,"column":597},"end":{"line":3,"column":697}},{"start":{},"end":{}}],"line":3},"5":{"loc":{"start":{"line":3,"column":601},"end":{"line":3,"column":669}},"type":"binary-expr","locations":[{"start":{"line":3,"column":601},"end":{"line":3,"column":613}},{"start":{"line":3,"column":617},"end":{"line":3,"column":640}},{"start":{"line":3,"column":644},"end":{"line":3,"column":669}}],"line":3},"6":{"loc":{"start":{"line":3,"column":747},"end":{"line":3,"column":800}},"type":"if","locations":[{"start":{"line":3,"column":747},"end":{"line":3,"column":800}},{"start":{},"end":{}}],"line":3},"7":{"loc":{"start":{"line":3,"column":751},"end":{"line":3,"column":774}},"type":"binary-expr","locations":[{"start":{"line":3,"column":751},"end":{"line":3,"column":756}},{"start":{"line":3,"column":760},"end":{"line":3,"column":774}}],"line":3},"8":{"loc":{"start":{"line":3,"column":844},"end":{"line":3,"column":900}},"type":"binary-expr","locations":[{"start":{"line":3,"column":844},"end":{"line":3,"column":865}},{"start":{"line":3,"column":869},"end":{"line":3,"column":900}}],"line":3},"9":{"loc":{"start":{"line":3,"column":923},"end":{"line":3,"column":1192}},"type":"if","locations":[{"start":{"line":3,"column":923},"end":{"line":3,"column":1192}},{"start":{},"end":{}}],"line":3},"10":{"loc":{"start":{"line":3,"column":927},"end":{"line":3,"column":994}},"type":"binary-expr","locations":[{"start":{"line":3,"column":927},"end":{"line":3,"column":944}},{"start":{"line":3,"column":948},"end":{"line":3,"column":994}}],"line":3},"11":{"loc":{"start":{"line":3,"column":1008},"end":{"line":3,"column":1080}},"type":"cond-expr","locations":[{"start":{"line":3,"column":1032},"end":{"line":3,"column":1073}},{"start":{"line":3,"column":1076},"end":{"line":3,"column":1080}}],"line":3},"12":{"loc":{"start":{"line":3,"column":1081},"end":{"line":3,"column":1191}},"type":"if","locations":[{"start":{"line":3,"column":1081},"end":{"line":3,"column":1191}},{"start":{"line":3,"column":1166},"end":{"line":3,"column":1191}}],"line":3},"13":{"loc":{"start":{"line":3,"column":1085},"end":{"line":3,"column":1115}},"type":"binary-expr","locations":[{"start":{"line":3,"column":1085},"end":{"line":3,"column":1089}},{"start":{"line":3,"column":1094},"end":{"line":3,"column":1102}},{"start":{"line":3,"column":1106},"end":{"line":3,"column":1114}}],"line":3},"14":{"loc":{"start":{"line":3,"column":1214},"end":{"line":3,"column":1250}},"type":"if","locations":[{"start":{"line":3,"column":1214},"end":{"line":3,"column":1250}},{"start":{},"end":{}}],"line":3}},"s":{"0":1,"1":1,"2":1,"3":1,"4":1,"5":1,"6":1,"7":1,"8":1,"9":0,"10":1,"11":1,"12":1,"13":1,"14":1,"15":0,"16":1,"17":0,"18":1,"19":1,"20":0,"21":1,"22":1,"23":1,"24":35,"25":35,"26":35,"27":0,"28":35,"29":1,"30":1,"31":1,"32":1,"33":1,"34":1,"35":1,"36":2,"37":1,"38":1,"39":1},"f":{"0":1,"1":1,"2":1,"3":1,"4":2},"b":{"0":[0,1],"1":[0,1],"2":[0,1],"3":[1,1,1],"4":[0,1],"5":[1,1,0],"6":[0,1],"7":[1,1],"8":[1,1],"9":[35,0],"10":[35,35],"11":[35,0],"12":[0,35],"13":[35,35,35],"14":[1,0]},"inputSourceMap":null,"_coverageSchema":"1a1c01bbd47fc00a2c39e90264f33305004495a9","hash":"31df761ec80d4d5fe4e02c388aadf0f8496bb034"}
}
