TN:
SF:packages/supervisor-ui/tabs/dashboard/screens/dashboard.tsx
FN:10,_getRequireWildcardCache
FN:10,_getRequireWildcardCache
FN:10,_interopRequireWildcard
FN:12,Dashboard
FN:20,ref
FN:27,onPress
FNF:6
FNH:5
FNDA:1,_getRequireWildcardCache
FNDA:1,_getRequireWildcardCache
FNDA:1,_interopRequireWildcard
FNDA:1,Dashboard
FNDA:2,ref
FNDA:0,onPress
DA:1,1
DA:2,1
DA:9,1
DA:10,35
DA:12,1
DA:13,1
DA:14,1
DA:15,1
DA:21,2
DA:27,0
DA:35,1
DA:37,1
LF:12
LH:11
BRDA:10,0,0,0
BRDA:10,0,1,1
BRDA:10,1,0,0
BRDA:10,1,1,1
BRDA:10,2,0,0
BRDA:10,2,1,1
BRDA:10,3,0,1
BRDA:10,3,1,1
BRDA:10,3,2,1
BRDA:10,4,0,0
BRDA:10,4,1,1
BRDA:10,5,0,1
BRDA:10,5,1,1
BRDA:10,5,2,0
BRDA:10,6,0,0
BRDA:10,6,1,1
BRDA:10,7,0,1
BRDA:10,7,1,1
BRDA:10,8,0,1
BRDA:10,8,1,1
BRDA:10,9,0,35
BRDA:10,9,1,0
BRDA:10,10,0,35
BRDA:10,10,1,35
BRDA:10,11,0,35
BRDA:10,11,1,0
BRDA:10,12,0,0
BRDA:10,12,1,35
BRDA:10,13,0,35
BRDA:10,13,1,35
BRDA:10,13,2,35
BRDA:10,14,0,1
BRDA:10,14,1,0
BRF:33
BRH:23
end_of_record
TN:
SF:packages/supervisor-ui/tabs/more/screens/home.tsx
FN:9,_getRequireWildcardCache
FN:9,_getRequireWildcardCache
FN:9,_interopRequireWildcard
FN:11,Home
FN:18,ref
FNF:5
FNH:5
FNDA:1,_getRequireWildcardCache
FNDA:1,_getRequireWildcardCache
FNDA:1,_interopRequireWildcard
FNDA:1,Home
FNDA:2,ref
DA:1,1
DA:2,1
DA:9,35
DA:11,1
DA:12,1
DA:13,1
DA:19,2
DA:32,1
DA:34,1
LF:9
LH:9
BRDA:9,0,0,0
BRDA:9,0,1,1
BRDA:9,1,0,0
BRDA:9,1,1,1
BRDA:9,2,0,0
BRDA:9,2,1,1
BRDA:9,3,0,1
BRDA:9,3,1,1
BRDA:9,3,2,1
BRDA:9,4,0,0
BRDA:9,4,1,1
BRDA:9,5,0,1
BRDA:9,5,1,1
BRDA:9,5,2,0
BRDA:9,6,0,0
BRDA:9,6,1,1
BRDA:9,7,0,1
BRDA:9,7,1,1
BRDA:9,8,0,1
BRDA:9,8,1,1
BRDA:9,9,0,35
BRDA:9,9,1,0
BRDA:9,10,0,35
BRDA:9,10,1,35
BRDA:9,11,0,35
BRDA:9,11,1,0
BRDA:9,12,0,0
BRDA:9,12,1,35
BRDA:9,13,0,35
BRDA:9,13,1,35
BRDA:9,13,2,35
BRDA:9,14,0,1
BRDA:9,14,1,0
BRF:33
BRH:23
end_of_record
TN:
SF:packages/supervisor-ui/tabs/resources/screens/home.tsx
FN:9,_getRequireWildcardCache
FN:9,_getRequireWildcardCache
FN:9,_interopRequireWildcard
FN:11,Home
FN:18,ref
FNF:5
FNH:5
FNDA:1,_getRequireWildcardCache
FNDA:1,_getRequireWildcardCache
FNDA:1,_interopRequireWildcard
FNDA:1,Home
FNDA:2,ref
DA:1,1
DA:2,1
DA:9,35
DA:11,1
DA:12,1
DA:13,1
DA:19,2
DA:32,1
DA:34,1
LF:9
LH:9
BRDA:9,0,0,0
BRDA:9,0,1,1
BRDA:9,1,0,0
BRDA:9,1,1,1
BRDA:9,2,0,0
BRDA:9,2,1,1
BRDA:9,3,0,1
BRDA:9,3,1,1
BRDA:9,3,2,1
BRDA:9,4,0,0
BRDA:9,4,1,1
BRDA:9,5,0,1
BRDA:9,5,1,1
BRDA:9,5,2,0
BRDA:9,6,0,0
BRDA:9,6,1,1
BRDA:9,7,0,1
BRDA:9,7,1,1
BRDA:9,8,0,1
BRDA:9,8,1,1
BRDA:9,9,0,35
BRDA:9,9,1,0
BRDA:9,10,0,35
BRDA:9,10,1,35
BRDA:9,11,0,35
BRDA:9,11,1,0
BRDA:9,12,0,0
BRDA:9,12,1,35
BRDA:9,13,0,35
BRDA:9,13,1,35
BRDA:9,13,2,35
BRDA:9,14,0,1
BRDA:9,14,1,0
BRF:33
BRH:23
end_of_record
TN:
SF:packages/supervisor-ui/tabs/supervisee/screens/home.tsx
FN:9,_getRequireWildcardCache
FN:9,_getRequireWildcardCache
FN:9,_interopRequireWildcard
FN:11,Home
FN:18,ref
FNF:5
FNH:5
FNDA:1,_getRequireWildcardCache
FNDA:1,_getRequireWildcardCache
FNDA:1,_interopRequireWildcard
FNDA:1,Home
FNDA:2,ref
DA:1,1
DA:2,1
DA:9,35
DA:11,1
DA:12,1
DA:13,1
DA:19,2
DA:32,1
DA:34,1
LF:9
LH:9
BRDA:9,0,0,0
BRDA:9,0,1,1
BRDA:9,1,0,0
BRDA:9,1,1,1
BRDA:9,2,0,0
BRDA:9,2,1,1
BRDA:9,3,0,1
BRDA:9,3,1,1
BRDA:9,3,2,1
BRDA:9,4,0,0
BRDA:9,4,1,1
BRDA:9,5,0,1
BRDA:9,5,1,1
BRDA:9,5,2,0
BRDA:9,6,0,0
BRDA:9,6,1,1
BRDA:9,7,0,1
BRDA:9,7,1,1
BRDA:9,8,0,1
BRDA:9,8,1,1
BRDA:9,9,0,35
BRDA:9,9,1,0
BRDA:9,10,0,35
BRDA:9,10,1,35
BRDA:9,11,0,35
BRDA:9,11,1,0
BRDA:9,12,0,0
BRDA:9,12,1,35
BRDA:9,13,0,35
BRDA:9,13,1,35
BRDA:9,13,2,35
BRDA:9,14,0,1
BRDA:9,14,1,0
BRF:33
BRH:23
end_of_record
TN:
SF:packages/supervisor-ui/tabs/tasks/screens/home.tsx
FN:9,_getRequireWildcardCache
FN:9,_getRequireWildcardCache
FN:9,_interopRequireWildcard
FN:11,Home
FN:18,ref
FNF:5
FNH:5
FNDA:1,_getRequireWildcardCache
FNDA:1,_getRequireWildcardCache
FNDA:1,_interopRequireWildcard
FNDA:1,Home
FNDA:2,ref
DA:1,1
DA:2,1
DA:9,35
DA:11,1
DA:12,1
DA:13,1
DA:19,2
DA:32,1
DA:34,1
LF:9
LH:9
BRDA:9,0,0,0
BRDA:9,0,1,1
BRDA:9,1,0,0
BRDA:9,1,1,1
BRDA:9,2,0,0
BRDA:9,2,1,1
BRDA:9,3,0,1
BRDA:9,3,1,1
BRDA:9,3,2,1
BRDA:9,4,0,0
BRDA:9,4,1,1
BRDA:9,5,0,1
BRDA:9,5,1,1
BRDA:9,5,2,0
BRDA:9,6,0,0
BRDA:9,6,1,1
BRDA:9,7,0,1
BRDA:9,7,1,1
BRDA:9,8,0,1
BRDA:9,8,1,1
BRDA:9,9,0,35
BRDA:9,9,1,0
BRDA:9,10,0,35
BRDA:9,10,1,35
BRDA:9,11,0,35
BRDA:9,11,1,0
BRDA:9,12,0,0
BRDA:9,12,1,35
BRDA:9,13,0,35
BRDA:9,13,1,35
BRDA:9,13,2,35
BRDA:9,14,0,1
BRDA:9,14,1,0
BRF:33
BRH:23
end_of_record
