<?xml version="1.0" encoding="UTF-8"?>
<coverage generated="1652524031386" clover="3.2.0">
  <project timestamp="1652524031387" name="All files">
    <metrics statements="49" coveredstatements="48" conditionals="165" coveredconditionals="115" methods="26" coveredmethods="25" elements="240" coveredelements="188" complexity="0" loc="49" ncloc="49" packages="5" files="5" classes="5"/>
    <package name="case-notes.screens">
      <metrics statements="9" coveredstatements="9" conditionals="33" coveredconditionals="23" methods="5" coveredmethods="5"/>
      <file name="home.tsx" path="/Users/anyahuang/Share/shareapp1/packages/supervisee-ui/tabs/case-notes/screens/home.tsx">
        <metrics statements="9" coveredstatements="9" conditionals="33" coveredconditionals="23" methods="5" coveredmethods="5"/>
        <line num="1" count="1" type="stmt"/>
        <line num="2" count="1" type="stmt"/>
        <line num="3" count="35" type="cond" truecount="23" falsecount="10"/>
        <line num="6" count="1" type="stmt"/>
        <line num="7" count="1" type="stmt"/>
        <line num="8" count="1" type="stmt"/>
        <line num="14" count="2" type="stmt"/>
        <line num="27" count="1" type="stmt"/>
        <line num="29" count="1" type="stmt"/>
      </file>
    </package>
    <package name="dashboard.screens">
      <metrics statements="13" coveredstatements="12" conditionals="33" coveredconditionals="23" methods="6" coveredmethods="5"/>
      <file name="dashboard.tsx" path="/Users/anyahuang/Share/shareapp1/packages/supervisee-ui/tabs/dashboard/screens/dashboard.tsx">
        <metrics statements="13" coveredstatements="12" conditionals="33" coveredconditionals="23" methods="6" coveredmethods="5"/>
        <line num="1" count="1" type="stmt"/>
        <line num="2" count="1" type="stmt"/>
        <line num="3" count="1" type="stmt"/>
        <line num="5" count="1" type="stmt"/>
        <line num="6" count="35" type="cond" truecount="23" falsecount="10"/>
        <line num="8" count="1" type="stmt"/>
        <line num="9" count="1" type="stmt"/>
        <line num="10" count="1" type="stmt"/>
        <line num="11" count="1" type="stmt"/>
        <line num="17" count="2" type="stmt"/>
        <line num="23" count="0" type="stmt"/>
        <line num="31" count="1" type="stmt"/>
        <line num="33" count="1" type="stmt"/>
      </file>
    </package>
    <package name="jobs.screens">
      <metrics statements="9" coveredstatements="9" conditionals="33" coveredconditionals="23" methods="5" coveredmethods="5"/>
      <file name="home.tsx" path="/Users/anyahuang/Share/shareapp1/packages/supervisee-ui/tabs/jobs/screens/home.tsx">
        <metrics statements="9" coveredstatements="9" conditionals="33" coveredconditionals="23" methods="5" coveredmethods="5"/>
        <line num="1" count="1" type="stmt"/>
        <line num="2" count="1" type="stmt"/>
        <line num="3" count="35" type="cond" truecount="23" falsecount="10"/>
        <line num="6" count="1" type="stmt"/>
        <line num="7" count="1" type="stmt"/>
        <line num="8" count="1" type="stmt"/>
        <line num="14" count="2" type="stmt"/>
        <line num="27" count="1" type="stmt"/>
        <line num="29" count="1" type="stmt"/>
      </file>
    </package>
    <package name="learn.screens">
      <metrics statements="9" coveredstatements="9" conditionals="33" coveredconditionals="23" methods="5" coveredmethods="5"/>
      <file name="home.tsx" path="/Users/anyahuang/Share/shareapp1/packages/supervisee-ui/tabs/learn/screens/home.tsx">
        <metrics statements="9" coveredstatements="9" conditionals="33" coveredconditionals="23" methods="5" coveredmethods="5"/>
        <line num="1" count="1" type="stmt"/>
        <line num="2" count="1" type="stmt"/>
        <line num="3" count="35" type="cond" truecount="23" falsecount="10"/>
        <line num="6" count="1" type="stmt"/>
        <line num="7" count="1" type="stmt"/>
        <line num="8" count="1" type="stmt"/>
        <line num="14" count="2" type="stmt"/>
        <line num="27" count="1" type="stmt"/>
        <line num="29" count="1" type="stmt"/>
      </file>
    </package>
    <package name="near-me.screens">
      <metrics statements="9" coveredstatements="9" conditionals="33" coveredconditionals="23" methods="5" coveredmethods="5"/>
      <file name="home.tsx" path="/Users/anyahuang/Share/shareapp1/packages/supervisee-ui/tabs/near-me/screens/home.tsx">
        <metrics statements="9" coveredstatements="9" conditionals="33" coveredconditionals="23" methods="5" coveredmethods="5"/>
        <line num="1" count="1" type="stmt"/>
        <line num="2" count="1" type="stmt"/>
        <line num="3" count="35" type="cond" truecount="23" falsecount="10"/>
        <line num="6" count="1" type="stmt"/>
        <line num="7" count="1" type="stmt"/>
        <line num="8" count="1" type="stmt"/>
        <line num="14" count="2" type="stmt"/>
        <line num="27" count="1" type="stmt"/>
        <line num="29" count="1" type="stmt"/>
      </file>
    </package>
  </project>
</coverage>
