{"/Users/anyahuang/Share/shareapp1/packages/supervisee-ui/tabs/case-notes/screens/home.tsx": {"path":"/Users/anyahuang/Share/shareapp1/packages/supervisee-ui/tabs/case-notes/screens/home.tsx","statementMap":{"0":{"start":{"line":1,"column":42},"end":{"line":1,"column":97}},"1":{"start":{"line":1,"column":98},"end":{"line":1,"column":160}},"2":{"start":{"line":1,"column":160},"end":{"line":1,"column":185}},"3":{"start":{"line":1,"column":199},"end":{"line":1,"column":281}},"4":{"start":{"line":2,"column":13},"end":{"line":2,"column":54}},"5":{"start":{"line":3,"column":19},"end":{"line":3,"column":42}},"6":{"start":{"line":3,"column":55},"end":{"line":3,"column":59}},"7":{"start":{"line":3,"column":75},"end":{"line":3,"column":165}},"8":{"start":{"line":3,"column":214},"end":{"line":3,"column":261}},"9":{"start":{"line":3,"column":249},"end":{"line":3,"column":261}},"10":{"start":{"line":3,"column":285},"end":{"line":3,"column":298}},"11":{"start":{"line":3,"column":322},"end":{"line":3,"column":335}},"12":{"start":{"line":3,"column":336},"end":{"line":3,"column":493}},"13":{"start":{"line":3,"column":419},"end":{"line":3,"column":477}},"14":{"start":{"line":3,"column":546},"end":{"line":3,"column":602}},"15":{"start":{"line":3,"column":590},"end":{"line":3,"column":601}},"16":{"start":{"line":3,"column":602},"end":{"line":3,"column":702}},"17":{"start":{"line":3,"column":677},"end":{"line":3,"column":701}},"18":{"start":{"line":3,"column":714},"end":{"line":3,"column":751}},"19":{"start":{"line":3,"column":752},"end":{"line":3,"column":805}},"20":{"start":{"line":3,"column":782},"end":{"line":3,"column":804}},"21":{"start":{"line":3,"column":818},"end":{"line":3,"column":820}},"22":{"start":{"line":3,"column":849},"end":{"line":3,"column":905}},"23":{"start":{"line":3,"column":906},"end":{"line":3,"column":1198}},"24":{"start":{"line":3,"column":928},"end":{"line":3,"column":1197}},"25":{"start":{"line":3,"column":1013},"end":{"line":3,"column":1085}},"26":{"start":{"line":3,"column":1086},"end":{"line":3,"column":1196}},"27":{"start":{"line":3,"column":1123},"end":{"line":3,"column":1164}},"28":{"start":{"line":3,"column":1172},"end":{"line":3,"column":1195}},"29":{"start":{"line":3,"column":1198},"end":{"line":3,"column":1219}},"30":{"start":{"line":3,"column":1219},"end":{"line":3,"column":1255}},"31":{"start":{"line":3,"column":1231},"end":{"line":3,"column":1254}},"32":{"start":{"line":3,"column":1255},"end":{"line":3,"column":1269}},"33":{"start":{"line":6,"column":11},"end":{"line":25,"column":1}},"34":{"start":{"line":7,"column":22},"end":{"line":7,"column":46}},"35":{"start":{"line":8,"column":2},"end":{"line":20,"column":160}},"36":{"start":{"line":14,"column":8},"end":{"line":14,"column":37}},"37":{"start":{"line":27,"column":0},"end":{"line":27,"column":4}},"38":{"start":{"line":27,"column":5},"end":{"line":27,"column":32}},"39":{"start":{"line":29,"column":13},"end":{"line":31,"column":35}}},"fnMap":{"0":{"name":"_getRequireWildcardCache","decl":{"start":{"line":3,"column":175},"end":{"line":3,"column":199}},"loc":{"start":{"line":3,"column":213},"end":{"line":3,"column":494}},"line":3},"1":{"name":"_getRequireWildcardCache","decl":{"start":{"line":3,"column":380},"end":{"line":3,"column":404}},"loc":{"start":{"line":3,"column":418},"end":{"line":3,"column":478}},"line":3},"2":{"name":"_interopRequireWildcard","decl":{"start":{"line":3,"column":503},"end":{"line":3,"column":526}},"loc":{"start":{"line":3,"column":545},"end":{"line":3,"column":1270}},"line":3},"3":{"name":"Home","decl":{"start":{"line":6,"column":20},"end":{"line":6,"column":24}},"loc":{"start":{"line":6,"column":27},"end":{"line":25,"column":1}},"line":6},"4":{"name":"ref","decl":{"start":{"line":13,"column":20},"end":{"line":13,"column":23}},"loc":{"start":{"line":13,"column":30},"end":{"line":15,"column":7}},"line":13}},"branchMap":{"0":{"loc":{"start":{"line":3,"column":214},"end":{"line":3,"column":261}},"type":"if","locations":[{"start":{"line":3,"column":214},"end":{"line":3,"column":261}},{"start":{},"end":{}}],"line":3},"1":{"loc":{"start":{"line":3,"column":426},"end":{"line":3,"column":476}},"type":"cond-expr","locations":[{"start":{"line":3,"column":440},"end":{"line":3,"column":456}},{"start":{"line":3,"column":459},"end":{"line":3,"column":476}}],"line":3},"2":{"loc":{"start":{"line":3,"column":546},"end":{"line":3,"column":602}},"type":"if","locations":[{"start":{"line":3,"column":546},"end":{"line":3,"column":602}},{"start":{},"end":{}}],"line":3},"3":{"loc":{"start":{"line":3,"column":550},"end":{"line":3,"column":587}},"type":"binary-expr","locations":[{"start":{"line":3,"column":550},"end":{"line":3,"column":562}},{"start":{"line":3,"column":566},"end":{"line":3,"column":569}},{"start":{"line":3,"column":573},"end":{"line":3,"column":587}}],"line":3},"4":{"loc":{"start":{"line":3,"column":602},"end":{"line":3,"column":702}},"type":"if","locations":[{"start":{"line":3,"column":602},"end":{"line":3,"column":702}},{"start":{},"end":{}}],"line":3},"5":{"loc":{"start":{"line":3,"column":606},"end":{"line":3,"column":674}},"type":"binary-expr","locations":[{"start":{"line":3,"column":606},"end":{"line":3,"column":618}},{"start":{"line":3,"column":622},"end":{"line":3,"column":645}},{"start":{"line":3,"column":649},"end":{"line":3,"column":674}}],"line":3},"6":{"loc":{"start":{"line":3,"column":752},"end":{"line":3,"column":805}},"type":"if","locations":[{"start":{"line":3,"column":752},"end":{"line":3,"column":805}},{"start":{},"end":{}}],"line":3},"7":{"loc":{"start":{"line":3,"column":756},"end":{"line":3,"column":779}},"type":"binary-expr","locations":[{"start":{"line":3,"column":756},"end":{"line":3,"column":761}},{"start":{"line":3,"column":765},"end":{"line":3,"column":779}}],"line":3},"8":{"loc":{"start":{"line":3,"column":849},"end":{"line":3,"column":905}},"type":"binary-expr","locations":[{"start":{"line":3,"column":849},"end":{"line":3,"column":870}},{"start":{"line":3,"column":874},"end":{"line":3,"column":905}}],"line":3},"9":{"loc":{"start":{"line":3,"column":928},"end":{"line":3,"column":1197}},"type":"if","locations":[{"start":{"line":3,"column":928},"end":{"line":3,"column":1197}},{"start":{},"end":{}}],"line":3},"10":{"loc":{"start":{"line":3,"column":932},"end":{"line":3,"column":999}},"type":"binary-expr","locations":[{"start":{"line":3,"column":932},"end":{"line":3,"column":949}},{"start":{"line":3,"column":953},"end":{"line":3,"column":999}}],"line":3},"11":{"loc":{"start":{"line":3,"column":1013},"end":{"line":3,"column":1085}},"type":"cond-expr","locations":[{"start":{"line":3,"column":1037},"end":{"line":3,"column":1078}},{"start":{"line":3,"column":1081},"end":{"line":3,"column":1085}}],"line":3},"12":{"loc":{"start":{"line":3,"column":1086},"end":{"line":3,"column":1196}},"type":"if","locations":[{"start":{"line":3,"column":1086},"end":{"line":3,"column":1196}},{"start":{"line":3,"column":1171},"end":{"line":3,"column":1196}}],"line":3},"13":{"loc":{"start":{"line":3,"column":1090},"end":{"line":3,"column":1120}},"type":"binary-expr","locations":[{"start":{"line":3,"column":1090},"end":{"line":3,"column":1094}},{"start":{"line":3,"column":1099},"end":{"line":3,"column":1107}},{"start":{"line":3,"column":1111},"end":{"line":3,"column":1119}}],"line":3},"14":{"loc":{"start":{"line":3,"column":1219},"end":{"line":3,"column":1255}},"type":"if","locations":[{"start":{"line":3,"column":1219},"end":{"line":3,"column":1255}},{"start":{},"end":{}}],"line":3}},"s":{"0":1,"1":1,"2":1,"3":1,"4":1,"5":1,"6":1,"7":1,"8":1,"9":0,"10":1,"11":1,"12":1,"13":1,"14":1,"15":0,"16":1,"17":0,"18":1,"19":1,"20":0,"21":1,"22":1,"23":1,"24":35,"25":35,"26":35,"27":0,"28":35,"29":1,"30":1,"31":1,"32":1,"33":1,"34":1,"35":1,"36":2,"37":1,"38":1,"39":1},"f":{"0":1,"1":1,"2":1,"3":1,"4":2},"b":{"0":[0,1],"1":[0,1],"2":[0,1],"3":[1,1,1],"4":[0,1],"5":[1,1,0],"6":[0,1],"7":[1,1],"8":[1,1],"9":[35,0],"10":[35,35],"11":[35,0],"12":[0,35],"13":[35,35,35],"14":[1,0]},"inputSourceMap":null,"_coverageSchema":"1a1c01bbd47fc00a2c39e90264f33305004495a9","hash":"7c95351ba0fb1fbea5b33f9a790f2cf15056e466"}
,"/Users/anyahuang/Share/shareapp1/packages/supervisee-ui/tabs/dashboard/screens/dashboard.tsx": {"path":"/Users/anyahuang/Share/shareapp1/packages/supervisee-ui/tabs/dashboard/screens/dashboard.tsx","statementMap":{"0":{"start":{"line":1,"column":42},"end":{"line":1,"column":97}},"1":{"start":{"line":1,"column":98},"end":{"line":1,"column":160}},"2":{"start":{"line":1,"column":160},"end":{"line":1,"column":185}},"3":{"start":{"line":1,"column":198},"end":{"line":1,"column":239}},"4":{"start":{"line":2,"column":19},"end":{"line":2,"column":42}},"5":{"start":{"line":3,"column":14},"end":{"line":3,"column":49}},"6":{"start":{"line":5,"column":16},"end":{"line":5,"column":102}},"7":{"start":{"line":6,"column":14},"end":{"line":6,"column":96}},"8":{"start":{"line":6,"column":109},"end":{"line":6,"column":113}},"9":{"start":{"line":6,"column":129},"end":{"line":6,"column":223}},"10":{"start":{"line":6,"column":272},"end":{"line":6,"column":319}},"11":{"start":{"line":6,"column":307},"end":{"line":6,"column":319}},"12":{"start":{"line":6,"column":343},"end":{"line":6,"column":356}},"13":{"start":{"line":6,"column":380},"end":{"line":6,"column":393}},"14":{"start":{"line":6,"column":394},"end":{"line":6,"column":551}},"15":{"start":{"line":6,"column":477},"end":{"line":6,"column":535}},"16":{"start":{"line":6,"column":604},"end":{"line":6,"column":660}},"17":{"start":{"line":6,"column":648},"end":{"line":6,"column":659}},"18":{"start":{"line":6,"column":660},"end":{"line":6,"column":760}},"19":{"start":{"line":6,"column":735},"end":{"line":6,"column":759}},"20":{"start":{"line":6,"column":772},"end":{"line":6,"column":809}},"21":{"start":{"line":6,"column":810},"end":{"line":6,"column":863}},"22":{"start":{"line":6,"column":840},"end":{"line":6,"column":862}},"23":{"start":{"line":6,"column":876},"end":{"line":6,"column":878}},"24":{"start":{"line":6,"column":907},"end":{"line":6,"column":963}},"25":{"start":{"line":6,"column":964},"end":{"line":6,"column":1256}},"26":{"start":{"line":6,"column":986},"end":{"line":6,"column":1255}},"27":{"start":{"line":6,"column":1071},"end":{"line":6,"column":1143}},"28":{"start":{"line":6,"column":1144},"end":{"line":6,"column":1254}},"29":{"start":{"line":6,"column":1181},"end":{"line":6,"column":1222}},"30":{"start":{"line":6,"column":1230},"end":{"line":6,"column":1253}},"31":{"start":{"line":6,"column":1256},"end":{"line":6,"column":1277}},"32":{"start":{"line":6,"column":1277},"end":{"line":6,"column":1313}},"33":{"start":{"line":6,"column":1289},"end":{"line":6,"column":1312}},"34":{"start":{"line":6,"column":1313},"end":{"line":6,"column":1327}},"35":{"start":{"line":8,"column":16},"end":{"line":29,"column":1}},"36":{"start":{"line":9,"column":22},"end":{"line":9,"column":46}},"37":{"start":{"line":10,"column":23},"end":{"line":10,"column":51}},"38":{"start":{"line":10,"column":63},"end":{"line":10,"column":86}},"39":{"start":{"line":11,"column":2},"end":{"line":24,"column":160}},"40":{"start":{"line":17,"column":8},"end":{"line":17,"column":37}},"41":{"start":{"line":23,"column":83},"end":{"line":23,"column":119}},"42":{"start":{"line":31,"column":0},"end":{"line":31,"column":9}},"43":{"start":{"line":31,"column":10},"end":{"line":31,"column":37}},"44":{"start":{"line":33,"column":13},"end":{"line":35,"column":35}}},"fnMap":{"0":{"name":"_getRequireWildcardCache","decl":{"start":{"line":6,"column":233},"end":{"line":6,"column":257}},"loc":{"start":{"line":6,"column":271},"end":{"line":6,"column":552}},"line":6},"1":{"name":"_getRequireWildcardCache","decl":{"start":{"line":6,"column":438},"end":{"line":6,"column":462}},"loc":{"start":{"line":6,"column":476},"end":{"line":6,"column":536}},"line":6},"2":{"name":"_interopRequireWildcard","decl":{"start":{"line":6,"column":561},"end":{"line":6,"column":584}},"loc":{"start":{"line":6,"column":603},"end":{"line":6,"column":1328}},"line":6},"3":{"name":"Dashboard","decl":{"start":{"line":8,"column":25},"end":{"line":8,"column":34}},"loc":{"start":{"line":8,"column":37},"end":{"line":29,"column":1}},"line":8},"4":{"name":"ref","decl":{"start":{"line":16,"column":20},"end":{"line":16,"column":23}},"loc":{"start":{"line":16,"column":30},"end":{"line":18,"column":7}},"line":16},"5":{"name":"onPress","decl":{"start":{"line":23,"column":72},"end":{"line":23,"column":79}},"loc":{"start":{"line":23,"column":82},"end":{"line":23,"column":120}},"line":23}},"branchMap":{"0":{"loc":{"start":{"line":6,"column":272},"end":{"line":6,"column":319}},"type":"if","locations":[{"start":{"line":6,"column":272},"end":{"line":6,"column":319}},{"start":{},"end":{}}],"line":6},"1":{"loc":{"start":{"line":6,"column":484},"end":{"line":6,"column":534}},"type":"cond-expr","locations":[{"start":{"line":6,"column":498},"end":{"line":6,"column":514}},{"start":{"line":6,"column":517},"end":{"line":6,"column":534}}],"line":6},"2":{"loc":{"start":{"line":6,"column":604},"end":{"line":6,"column":660}},"type":"if","locations":[{"start":{"line":6,"column":604},"end":{"line":6,"column":660}},{"start":{},"end":{}}],"line":6},"3":{"loc":{"start":{"line":6,"column":608},"end":{"line":6,"column":645}},"type":"binary-expr","locations":[{"start":{"line":6,"column":608},"end":{"line":6,"column":620}},{"start":{"line":6,"column":624},"end":{"line":6,"column":627}},{"start":{"line":6,"column":631},"end":{"line":6,"column":645}}],"line":6},"4":{"loc":{"start":{"line":6,"column":660},"end":{"line":6,"column":760}},"type":"if","locations":[{"start":{"line":6,"column":660},"end":{"line":6,"column":760}},{"start":{},"end":{}}],"line":6},"5":{"loc":{"start":{"line":6,"column":664},"end":{"line":6,"column":732}},"type":"binary-expr","locations":[{"start":{"line":6,"column":664},"end":{"line":6,"column":676}},{"start":{"line":6,"column":680},"end":{"line":6,"column":703}},{"start":{"line":6,"column":707},"end":{"line":6,"column":732}}],"line":6},"6":{"loc":{"start":{"line":6,"column":810},"end":{"line":6,"column":863}},"type":"if","locations":[{"start":{"line":6,"column":810},"end":{"line":6,"column":863}},{"start":{},"end":{}}],"line":6},"7":{"loc":{"start":{"line":6,"column":814},"end":{"line":6,"column":837}},"type":"binary-expr","locations":[{"start":{"line":6,"column":814},"end":{"line":6,"column":819}},{"start":{"line":6,"column":823},"end":{"line":6,"column":837}}],"line":6},"8":{"loc":{"start":{"line":6,"column":907},"end":{"line":6,"column":963}},"type":"binary-expr","locations":[{"start":{"line":6,"column":907},"end":{"line":6,"column":928}},{"start":{"line":6,"column":932},"end":{"line":6,"column":963}}],"line":6},"9":{"loc":{"start":{"line":6,"column":986},"end":{"line":6,"column":1255}},"type":"if","locations":[{"start":{"line":6,"column":986},"end":{"line":6,"column":1255}},{"start":{},"end":{}}],"line":6},"10":{"loc":{"start":{"line":6,"column":990},"end":{"line":6,"column":1057}},"type":"binary-expr","locations":[{"start":{"line":6,"column":990},"end":{"line":6,"column":1007}},{"start":{"line":6,"column":1011},"end":{"line":6,"column":1057}}],"line":6},"11":{"loc":{"start":{"line":6,"column":1071},"end":{"line":6,"column":1143}},"type":"cond-expr","locations":[{"start":{"line":6,"column":1095},"end":{"line":6,"column":1136}},{"start":{"line":6,"column":1139},"end":{"line":6,"column":1143}}],"line":6},"12":{"loc":{"start":{"line":6,"column":1144},"end":{"line":6,"column":1254}},"type":"if","locations":[{"start":{"line":6,"column":1144},"end":{"line":6,"column":1254}},{"start":{"line":6,"column":1229},"end":{"line":6,"column":1254}}],"line":6},"13":{"loc":{"start":{"line":6,"column":1148},"end":{"line":6,"column":1178}},"type":"binary-expr","locations":[{"start":{"line":6,"column":1148},"end":{"line":6,"column":1152}},{"start":{"line":6,"column":1157},"end":{"line":6,"column":1165}},{"start":{"line":6,"column":1169},"end":{"line":6,"column":1177}}],"line":6},"14":{"loc":{"start":{"line":6,"column":1277},"end":{"line":6,"column":1313}},"type":"if","locations":[{"start":{"line":6,"column":1277},"end":{"line":6,"column":1313}},{"start":{},"end":{}}],"line":6}},"s":{"0":1,"1":1,"2":1,"3":1,"4":1,"5":1,"6":1,"7":1,"8":1,"9":1,"10":1,"11":0,"12":1,"13":1,"14":1,"15":1,"16":1,"17":0,"18":1,"19":0,"20":1,"21":1,"22":0,"23":1,"24":1,"25":1,"26":35,"27":35,"28":35,"29":0,"30":35,"31":1,"32":1,"33":1,"34":1,"35":1,"36":1,"37":1,"38":1,"39":1,"40":2,"41":0,"42":1,"43":1,"44":1},"f":{"0":1,"1":1,"2":1,"3":1,"4":2,"5":0},"b":{"0":[0,1],"1":[0,1],"2":[0,1],"3":[1,1,1],"4":[0,1],"5":[1,1,0],"6":[0,1],"7":[1,1],"8":[1,1],"9":[35,0],"10":[35,35],"11":[35,0],"12":[0,35],"13":[35,35,35],"14":[1,0]},"inputSourceMap":null,"_coverageSchema":"1a1c01bbd47fc00a2c39e90264f33305004495a9","hash":"a4c2a4ffcfbb3b918f4148dedf8d5831f86d2e11"}
,"/Users/anyahuang/Share/shareapp1/packages/supervisee-ui/tabs/jobs/screens/home.tsx": {"path":"/Users/anyahuang/Share/shareapp1/packages/supervisee-ui/tabs/jobs/screens/home.tsx","statementMap":{"0":{"start":{"line":1,"column":42},"end":{"line":1,"column":97}},"1":{"start":{"line":1,"column":98},"end":{"line":1,"column":160}},"2":{"start":{"line":1,"column":160},"end":{"line":1,"column":185}},"3":{"start":{"line":1,"column":198},"end":{"line":1,"column":239}},"4":{"start":{"line":2,"column":19},"end":{"line":2,"column":42}},"5":{"start":{"line":3,"column":14},"end":{"line":3,"column":96}},"6":{"start":{"line":3,"column":109},"end":{"line":3,"column":113}},"7":{"start":{"line":3,"column":129},"end":{"line":3,"column":213}},"8":{"start":{"line":3,"column":262},"end":{"line":3,"column":309}},"9":{"start":{"line":3,"column":297},"end":{"line":3,"column":309}},"10":{"start":{"line":3,"column":333},"end":{"line":3,"column":346}},"11":{"start":{"line":3,"column":370},"end":{"line":3,"column":383}},"12":{"start":{"line":3,"column":384},"end":{"line":3,"column":541}},"13":{"start":{"line":3,"column":467},"end":{"line":3,"column":525}},"14":{"start":{"line":3,"column":594},"end":{"line":3,"column":650}},"15":{"start":{"line":3,"column":638},"end":{"line":3,"column":649}},"16":{"start":{"line":3,"column":650},"end":{"line":3,"column":750}},"17":{"start":{"line":3,"column":725},"end":{"line":3,"column":749}},"18":{"start":{"line":3,"column":762},"end":{"line":3,"column":799}},"19":{"start":{"line":3,"column":800},"end":{"line":3,"column":853}},"20":{"start":{"line":3,"column":830},"end":{"line":3,"column":852}},"21":{"start":{"line":3,"column":866},"end":{"line":3,"column":868}},"22":{"start":{"line":3,"column":897},"end":{"line":3,"column":953}},"23":{"start":{"line":3,"column":954},"end":{"line":3,"column":1246}},"24":{"start":{"line":3,"column":976},"end":{"line":3,"column":1245}},"25":{"start":{"line":3,"column":1061},"end":{"line":3,"column":1133}},"26":{"start":{"line":3,"column":1134},"end":{"line":3,"column":1244}},"27":{"start":{"line":3,"column":1171},"end":{"line":3,"column":1212}},"28":{"start":{"line":3,"column":1220},"end":{"line":3,"column":1243}},"29":{"start":{"line":3,"column":1246},"end":{"line":3,"column":1267}},"30":{"start":{"line":3,"column":1267},"end":{"line":3,"column":1303}},"31":{"start":{"line":3,"column":1279},"end":{"line":3,"column":1302}},"32":{"start":{"line":3,"column":1303},"end":{"line":3,"column":1317}},"33":{"start":{"line":6,"column":11},"end":{"line":25,"column":1}},"34":{"start":{"line":7,"column":22},"end":{"line":7,"column":46}},"35":{"start":{"line":8,"column":2},"end":{"line":20,"column":160}},"36":{"start":{"line":14,"column":8},"end":{"line":14,"column":37}},"37":{"start":{"line":27,"column":0},"end":{"line":27,"column":4}},"38":{"start":{"line":27,"column":5},"end":{"line":27,"column":32}},"39":{"start":{"line":29,"column":13},"end":{"line":31,"column":35}}},"fnMap":{"0":{"name":"_getRequireWildcardCache","decl":{"start":{"line":3,"column":223},"end":{"line":3,"column":247}},"loc":{"start":{"line":3,"column":261},"end":{"line":3,"column":542}},"line":3},"1":{"name":"_getRequireWildcardCache","decl":{"start":{"line":3,"column":428},"end":{"line":3,"column":452}},"loc":{"start":{"line":3,"column":466},"end":{"line":3,"column":526}},"line":3},"2":{"name":"_interopRequireWildcard","decl":{"start":{"line":3,"column":551},"end":{"line":3,"column":574}},"loc":{"start":{"line":3,"column":593},"end":{"line":3,"column":1318}},"line":3},"3":{"name":"Home","decl":{"start":{"line":6,"column":20},"end":{"line":6,"column":24}},"loc":{"start":{"line":6,"column":27},"end":{"line":25,"column":1}},"line":6},"4":{"name":"ref","decl":{"start":{"line":13,"column":20},"end":{"line":13,"column":23}},"loc":{"start":{"line":13,"column":30},"end":{"line":15,"column":7}},"line":13}},"branchMap":{"0":{"loc":{"start":{"line":3,"column":262},"end":{"line":3,"column":309}},"type":"if","locations":[{"start":{"line":3,"column":262},"end":{"line":3,"column":309}},{"start":{},"end":{}}],"line":3},"1":{"loc":{"start":{"line":3,"column":474},"end":{"line":3,"column":524}},"type":"cond-expr","locations":[{"start":{"line":3,"column":488},"end":{"line":3,"column":504}},{"start":{"line":3,"column":507},"end":{"line":3,"column":524}}],"line":3},"2":{"loc":{"start":{"line":3,"column":594},"end":{"line":3,"column":650}},"type":"if","locations":[{"start":{"line":3,"column":594},"end":{"line":3,"column":650}},{"start":{},"end":{}}],"line":3},"3":{"loc":{"start":{"line":3,"column":598},"end":{"line":3,"column":635}},"type":"binary-expr","locations":[{"start":{"line":3,"column":598},"end":{"line":3,"column":610}},{"start":{"line":3,"column":614},"end":{"line":3,"column":617}},{"start":{"line":3,"column":621},"end":{"line":3,"column":635}}],"line":3},"4":{"loc":{"start":{"line":3,"column":650},"end":{"line":3,"column":750}},"type":"if","locations":[{"start":{"line":3,"column":650},"end":{"line":3,"column":750}},{"start":{},"end":{}}],"line":3},"5":{"loc":{"start":{"line":3,"column":654},"end":{"line":3,"column":722}},"type":"binary-expr","locations":[{"start":{"line":3,"column":654},"end":{"line":3,"column":666}},{"start":{"line":3,"column":670},"end":{"line":3,"column":693}},{"start":{"line":3,"column":697},"end":{"line":3,"column":722}}],"line":3},"6":{"loc":{"start":{"line":3,"column":800},"end":{"line":3,"column":853}},"type":"if","locations":[{"start":{"line":3,"column":800},"end":{"line":3,"column":853}},{"start":{},"end":{}}],"line":3},"7":{"loc":{"start":{"line":3,"column":804},"end":{"line":3,"column":827}},"type":"binary-expr","locations":[{"start":{"line":3,"column":804},"end":{"line":3,"column":809}},{"start":{"line":3,"column":813},"end":{"line":3,"column":827}}],"line":3},"8":{"loc":{"start":{"line":3,"column":897},"end":{"line":3,"column":953}},"type":"binary-expr","locations":[{"start":{"line":3,"column":897},"end":{"line":3,"column":918}},{"start":{"line":3,"column":922},"end":{"line":3,"column":953}}],"line":3},"9":{"loc":{"start":{"line":3,"column":976},"end":{"line":3,"column":1245}},"type":"if","locations":[{"start":{"line":3,"column":976},"end":{"line":3,"column":1245}},{"start":{},"end":{}}],"line":3},"10":{"loc":{"start":{"line":3,"column":980},"end":{"line":3,"column":1047}},"type":"binary-expr","locations":[{"start":{"line":3,"column":980},"end":{"line":3,"column":997}},{"start":{"line":3,"column":1001},"end":{"line":3,"column":1047}}],"line":3},"11":{"loc":{"start":{"line":3,"column":1061},"end":{"line":3,"column":1133}},"type":"cond-expr","locations":[{"start":{"line":3,"column":1085},"end":{"line":3,"column":1126}},{"start":{"line":3,"column":1129},"end":{"line":3,"column":1133}}],"line":3},"12":{"loc":{"start":{"line":3,"column":1134},"end":{"line":3,"column":1244}},"type":"if","locations":[{"start":{"line":3,"column":1134},"end":{"line":3,"column":1244}},{"start":{"line":3,"column":1219},"end":{"line":3,"column":1244}}],"line":3},"13":{"loc":{"start":{"line":3,"column":1138},"end":{"line":3,"column":1168}},"type":"binary-expr","locations":[{"start":{"line":3,"column":1138},"end":{"line":3,"column":1142}},{"start":{"line":3,"column":1147},"end":{"line":3,"column":1155}},{"start":{"line":3,"column":1159},"end":{"line":3,"column":1167}}],"line":3},"14":{"loc":{"start":{"line":3,"column":1267},"end":{"line":3,"column":1303}},"type":"if","locations":[{"start":{"line":3,"column":1267},"end":{"line":3,"column":1303}},{"start":{},"end":{}}],"line":3}},"s":{"0":1,"1":1,"2":1,"3":1,"4":1,"5":1,"6":1,"7":1,"8":1,"9":0,"10":1,"11":1,"12":1,"13":1,"14":1,"15":0,"16":1,"17":0,"18":1,"19":1,"20":0,"21":1,"22":1,"23":1,"24":35,"25":35,"26":35,"27":0,"28":35,"29":1,"30":1,"31":1,"32":1,"33":1,"34":1,"35":1,"36":2,"37":1,"38":1,"39":1},"f":{"0":1,"1":1,"2":1,"3":1,"4":2},"b":{"0":[0,1],"1":[0,1],"2":[0,1],"3":[1,1,1],"4":[0,1],"5":[1,1,0],"6":[0,1],"7":[1,1],"8":[1,1],"9":[35,0],"10":[35,35],"11":[35,0],"12":[0,35],"13":[35,35,35],"14":[1,0]},"inputSourceMap":null,"_coverageSchema":"1a1c01bbd47fc00a2c39e90264f33305004495a9","hash":"998fbb03eb295b855bb6d9cefddfb6f5755f74e0"}
,"/Users/anyahuang/Share/shareapp1/packages/supervisee-ui/tabs/learn/screens/home.tsx": {"path":"/Users/anyahuang/Share/shareapp1/packages/supervisee-ui/tabs/learn/screens/home.tsx","statementMap":{"0":{"start":{"line":1,"column":42},"end":{"line":1,"column":97}},"1":{"start":{"line":1,"column":98},"end":{"line":1,"column":160}},"2":{"start":{"line":1,"column":160},"end":{"line":1,"column":185}},"3":{"start":{"line":1,"column":199},"end":{"line":1,"column":281}},"4":{"start":{"line":2,"column":13},"end":{"line":2,"column":54}},"5":{"start":{"line":3,"column":19},"end":{"line":3,"column":42}},"6":{"start":{"line":3,"column":55},"end":{"line":3,"column":59}},"7":{"start":{"line":3,"column":75},"end":{"line":3,"column":160}},"8":{"start":{"line":3,"column":209},"end":{"line":3,"column":256}},"9":{"start":{"line":3,"column":244},"end":{"line":3,"column":256}},"10":{"start":{"line":3,"column":280},"end":{"line":3,"column":293}},"11":{"start":{"line":3,"column":317},"end":{"line":3,"column":330}},"12":{"start":{"line":3,"column":331},"end":{"line":3,"column":488}},"13":{"start":{"line":3,"column":414},"end":{"line":3,"column":472}},"14":{"start":{"line":3,"column":541},"end":{"line":3,"column":597}},"15":{"start":{"line":3,"column":585},"end":{"line":3,"column":596}},"16":{"start":{"line":3,"column":597},"end":{"line":3,"column":697}},"17":{"start":{"line":3,"column":672},"end":{"line":3,"column":696}},"18":{"start":{"line":3,"column":709},"end":{"line":3,"column":746}},"19":{"start":{"line":3,"column":747},"end":{"line":3,"column":800}},"20":{"start":{"line":3,"column":777},"end":{"line":3,"column":799}},"21":{"start":{"line":3,"column":813},"end":{"line":3,"column":815}},"22":{"start":{"line":3,"column":844},"end":{"line":3,"column":900}},"23":{"start":{"line":3,"column":901},"end":{"line":3,"column":1193}},"24":{"start":{"line":3,"column":923},"end":{"line":3,"column":1192}},"25":{"start":{"line":3,"column":1008},"end":{"line":3,"column":1080}},"26":{"start":{"line":3,"column":1081},"end":{"line":3,"column":1191}},"27":{"start":{"line":3,"column":1118},"end":{"line":3,"column":1159}},"28":{"start":{"line":3,"column":1167},"end":{"line":3,"column":1190}},"29":{"start":{"line":3,"column":1193},"end":{"line":3,"column":1214}},"30":{"start":{"line":3,"column":1214},"end":{"line":3,"column":1250}},"31":{"start":{"line":3,"column":1226},"end":{"line":3,"column":1249}},"32":{"start":{"line":3,"column":1250},"end":{"line":3,"column":1264}},"33":{"start":{"line":6,"column":11},"end":{"line":25,"column":1}},"34":{"start":{"line":7,"column":22},"end":{"line":7,"column":46}},"35":{"start":{"line":8,"column":2},"end":{"line":20,"column":160}},"36":{"start":{"line":14,"column":8},"end":{"line":14,"column":37}},"37":{"start":{"line":27,"column":0},"end":{"line":27,"column":4}},"38":{"start":{"line":27,"column":5},"end":{"line":27,"column":32}},"39":{"start":{"line":29,"column":13},"end":{"line":31,"column":35}}},"fnMap":{"0":{"name":"_getRequireWildcardCache","decl":{"start":{"line":3,"column":170},"end":{"line":3,"column":194}},"loc":{"start":{"line":3,"column":208},"end":{"line":3,"column":489}},"line":3},"1":{"name":"_getRequireWildcardCache","decl":{"start":{"line":3,"column":375},"end":{"line":3,"column":399}},"loc":{"start":{"line":3,"column":413},"end":{"line":3,"column":473}},"line":3},"2":{"name":"_interopRequireWildcard","decl":{"start":{"line":3,"column":498},"end":{"line":3,"column":521}},"loc":{"start":{"line":3,"column":540},"end":{"line":3,"column":1265}},"line":3},"3":{"name":"Home","decl":{"start":{"line":6,"column":20},"end":{"line":6,"column":24}},"loc":{"start":{"line":6,"column":27},"end":{"line":25,"column":1}},"line":6},"4":{"name":"ref","decl":{"start":{"line":13,"column":20},"end":{"line":13,"column":23}},"loc":{"start":{"line":13,"column":30},"end":{"line":15,"column":7}},"line":13}},"branchMap":{"0":{"loc":{"start":{"line":3,"column":209},"end":{"line":3,"column":256}},"type":"if","locations":[{"start":{"line":3,"column":209},"end":{"line":3,"column":256}},{"start":{},"end":{}}],"line":3},"1":{"loc":{"start":{"line":3,"column":421},"end":{"line":3,"column":471}},"type":"cond-expr","locations":[{"start":{"line":3,"column":435},"end":{"line":3,"column":451}},{"start":{"line":3,"column":454},"end":{"line":3,"column":471}}],"line":3},"2":{"loc":{"start":{"line":3,"column":541},"end":{"line":3,"column":597}},"type":"if","locations":[{"start":{"line":3,"column":541},"end":{"line":3,"column":597}},{"start":{},"end":{}}],"line":3},"3":{"loc":{"start":{"line":3,"column":545},"end":{"line":3,"column":582}},"type":"binary-expr","locations":[{"start":{"line":3,"column":545},"end":{"line":3,"column":557}},{"start":{"line":3,"column":561},"end":{"line":3,"column":564}},{"start":{"line":3,"column":568},"end":{"line":3,"column":582}}],"line":3},"4":{"loc":{"start":{"line":3,"column":597},"end":{"line":3,"column":697}},"type":"if","locations":[{"start":{"line":3,"column":597},"end":{"line":3,"column":697}},{"start":{},"end":{}}],"line":3},"5":{"loc":{"start":{"line":3,"column":601},"end":{"line":3,"column":669}},"type":"binary-expr","locations":[{"start":{"line":3,"column":601},"end":{"line":3,"column":613}},{"start":{"line":3,"column":617},"end":{"line":3,"column":640}},{"start":{"line":3,"column":644},"end":{"line":3,"column":669}}],"line":3},"6":{"loc":{"start":{"line":3,"column":747},"end":{"line":3,"column":800}},"type":"if","locations":[{"start":{"line":3,"column":747},"end":{"line":3,"column":800}},{"start":{},"end":{}}],"line":3},"7":{"loc":{"start":{"line":3,"column":751},"end":{"line":3,"column":774}},"type":"binary-expr","locations":[{"start":{"line":3,"column":751},"end":{"line":3,"column":756}},{"start":{"line":3,"column":760},"end":{"line":3,"column":774}}],"line":3},"8":{"loc":{"start":{"line":3,"column":844},"end":{"line":3,"column":900}},"type":"binary-expr","locations":[{"start":{"line":3,"column":844},"end":{"line":3,"column":865}},{"start":{"line":3,"column":869},"end":{"line":3,"column":900}}],"line":3},"9":{"loc":{"start":{"line":3,"column":923},"end":{"line":3,"column":1192}},"type":"if","locations":[{"start":{"line":3,"column":923},"end":{"line":3,"column":1192}},{"start":{},"end":{}}],"line":3},"10":{"loc":{"start":{"line":3,"column":927},"end":{"line":3,"column":994}},"type":"binary-expr","locations":[{"start":{"line":3,"column":927},"end":{"line":3,"column":944}},{"start":{"line":3,"column":948},"end":{"line":3,"column":994}}],"line":3},"11":{"loc":{"start":{"line":3,"column":1008},"end":{"line":3,"column":1080}},"type":"cond-expr","locations":[{"start":{"line":3,"column":1032},"end":{"line":3,"column":1073}},{"start":{"line":3,"column":1076},"end":{"line":3,"column":1080}}],"line":3},"12":{"loc":{"start":{"line":3,"column":1081},"end":{"line":3,"column":1191}},"type":"if","locations":[{"start":{"line":3,"column":1081},"end":{"line":3,"column":1191}},{"start":{"line":3,"column":1166},"end":{"line":3,"column":1191}}],"line":3},"13":{"loc":{"start":{"line":3,"column":1085},"end":{"line":3,"column":1115}},"type":"binary-expr","locations":[{"start":{"line":3,"column":1085},"end":{"line":3,"column":1089}},{"start":{"line":3,"column":1094},"end":{"line":3,"column":1102}},{"start":{"line":3,"column":1106},"end":{"line":3,"column":1114}}],"line":3},"14":{"loc":{"start":{"line":3,"column":1214},"end":{"line":3,"column":1250}},"type":"if","locations":[{"start":{"line":3,"column":1214},"end":{"line":3,"column":1250}},{"start":{},"end":{}}],"line":3}},"s":{"0":1,"1":1,"2":1,"3":1,"4":1,"5":1,"6":1,"7":1,"8":1,"9":0,"10":1,"11":1,"12":1,"13":1,"14":1,"15":0,"16":1,"17":0,"18":1,"19":1,"20":0,"21":1,"22":1,"23":1,"24":35,"25":35,"26":35,"27":0,"28":35,"29":1,"30":1,"31":1,"32":1,"33":1,"34":1,"35":1,"36":2,"37":1,"38":1,"39":1},"f":{"0":1,"1":1,"2":1,"3":1,"4":2},"b":{"0":[0,1],"1":[0,1],"2":[0,1],"3":[1,1,1],"4":[0,1],"5":[1,1,0],"6":[0,1],"7":[1,1],"8":[1,1],"9":[35,0],"10":[35,35],"11":[35,0],"12":[0,35],"13":[35,35,35],"14":[1,0]},"inputSourceMap":null,"_coverageSchema":"1a1c01bbd47fc00a2c39e90264f33305004495a9","hash":"cee506163e15fe38005444f16da52febd78b0a41"}
,"/Users/anyahuang/Share/shareapp1/packages/supervisee-ui/tabs/near-me/screens/home.tsx": {"path":"/Users/anyahuang/Share/shareapp1/packages/supervisee-ui/tabs/near-me/screens/home.tsx","statementMap":{"0":{"start":{"line":1,"column":42},"end":{"line":1,"column":97}},"1":{"start":{"line":1,"column":98},"end":{"line":1,"column":160}},"2":{"start":{"line":1,"column":160},"end":{"line":1,"column":185}},"3":{"start":{"line":1,"column":199},"end":{"line":1,"column":281}},"4":{"start":{"line":2,"column":13},"end":{"line":2,"column":54}},"5":{"start":{"line":3,"column":19},"end":{"line":3,"column":42}},"6":{"start":{"line":3,"column":55},"end":{"line":3,"column":59}},"7":{"start":{"line":3,"column":75},"end":{"line":3,"column":162}},"8":{"start":{"line":3,"column":211},"end":{"line":3,"column":258}},"9":{"start":{"line":3,"column":246},"end":{"line":3,"column":258}},"10":{"start":{"line":3,"column":282},"end":{"line":3,"column":295}},"11":{"start":{"line":3,"column":319},"end":{"line":3,"column":332}},"12":{"start":{"line":3,"column":333},"end":{"line":3,"column":490}},"13":{"start":{"line":3,"column":416},"end":{"line":3,"column":474}},"14":{"start":{"line":3,"column":543},"end":{"line":3,"column":599}},"15":{"start":{"line":3,"column":587},"end":{"line":3,"column":598}},"16":{"start":{"line":3,"column":599},"end":{"line":3,"column":699}},"17":{"start":{"line":3,"column":674},"end":{"line":3,"column":698}},"18":{"start":{"line":3,"column":711},"end":{"line":3,"column":748}},"19":{"start":{"line":3,"column":749},"end":{"line":3,"column":802}},"20":{"start":{"line":3,"column":779},"end":{"line":3,"column":801}},"21":{"start":{"line":3,"column":815},"end":{"line":3,"column":817}},"22":{"start":{"line":3,"column":846},"end":{"line":3,"column":902}},"23":{"start":{"line":3,"column":903},"end":{"line":3,"column":1195}},"24":{"start":{"line":3,"column":925},"end":{"line":3,"column":1194}},"25":{"start":{"line":3,"column":1010},"end":{"line":3,"column":1082}},"26":{"start":{"line":3,"column":1083},"end":{"line":3,"column":1193}},"27":{"start":{"line":3,"column":1120},"end":{"line":3,"column":1161}},"28":{"start":{"line":3,"column":1169},"end":{"line":3,"column":1192}},"29":{"start":{"line":3,"column":1195},"end":{"line":3,"column":1216}},"30":{"start":{"line":3,"column":1216},"end":{"line":3,"column":1252}},"31":{"start":{"line":3,"column":1228},"end":{"line":3,"column":1251}},"32":{"start":{"line":3,"column":1252},"end":{"line":3,"column":1266}},"33":{"start":{"line":6,"column":11},"end":{"line":25,"column":1}},"34":{"start":{"line":7,"column":22},"end":{"line":7,"column":46}},"35":{"start":{"line":8,"column":2},"end":{"line":20,"column":160}},"36":{"start":{"line":14,"column":8},"end":{"line":14,"column":37}},"37":{"start":{"line":27,"column":0},"end":{"line":27,"column":4}},"38":{"start":{"line":27,"column":5},"end":{"line":27,"column":32}},"39":{"start":{"line":29,"column":13},"end":{"line":31,"column":35}}},"fnMap":{"0":{"name":"_getRequireWildcardCache","decl":{"start":{"line":3,"column":172},"end":{"line":3,"column":196}},"loc":{"start":{"line":3,"column":210},"end":{"line":3,"column":491}},"line":3},"1":{"name":"_getRequireWildcardCache","decl":{"start":{"line":3,"column":377},"end":{"line":3,"column":401}},"loc":{"start":{"line":3,"column":415},"end":{"line":3,"column":475}},"line":3},"2":{"name":"_interopRequireWildcard","decl":{"start":{"line":3,"column":500},"end":{"line":3,"column":523}},"loc":{"start":{"line":3,"column":542},"end":{"line":3,"column":1267}},"line":3},"3":{"name":"Home","decl":{"start":{"line":6,"column":20},"end":{"line":6,"column":24}},"loc":{"start":{"line":6,"column":27},"end":{"line":25,"column":1}},"line":6},"4":{"name":"ref","decl":{"start":{"line":13,"column":20},"end":{"line":13,"column":23}},"loc":{"start":{"line":13,"column":30},"end":{"line":15,"column":7}},"line":13}},"branchMap":{"0":{"loc":{"start":{"line":3,"column":211},"end":{"line":3,"column":258}},"type":"if","locations":[{"start":{"line":3,"column":211},"end":{"line":3,"column":258}},{"start":{},"end":{}}],"line":3},"1":{"loc":{"start":{"line":3,"column":423},"end":{"line":3,"column":473}},"type":"cond-expr","locations":[{"start":{"line":3,"column":437},"end":{"line":3,"column":453}},{"start":{"line":3,"column":456},"end":{"line":3,"column":473}}],"line":3},"2":{"loc":{"start":{"line":3,"column":543},"end":{"line":3,"column":599}},"type":"if","locations":[{"start":{"line":3,"column":543},"end":{"line":3,"column":599}},{"start":{},"end":{}}],"line":3},"3":{"loc":{"start":{"line":3,"column":547},"end":{"line":3,"column":584}},"type":"binary-expr","locations":[{"start":{"line":3,"column":547},"end":{"line":3,"column":559}},{"start":{"line":3,"column":563},"end":{"line":3,"column":566}},{"start":{"line":3,"column":570},"end":{"line":3,"column":584}}],"line":3},"4":{"loc":{"start":{"line":3,"column":599},"end":{"line":3,"column":699}},"type":"if","locations":[{"start":{"line":3,"column":599},"end":{"line":3,"column":699}},{"start":{},"end":{}}],"line":3},"5":{"loc":{"start":{"line":3,"column":603},"end":{"line":3,"column":671}},"type":"binary-expr","locations":[{"start":{"line":3,"column":603},"end":{"line":3,"column":615}},{"start":{"line":3,"column":619},"end":{"line":3,"column":642}},{"start":{"line":3,"column":646},"end":{"line":3,"column":671}}],"line":3},"6":{"loc":{"start":{"line":3,"column":749},"end":{"line":3,"column":802}},"type":"if","locations":[{"start":{"line":3,"column":749},"end":{"line":3,"column":802}},{"start":{},"end":{}}],"line":3},"7":{"loc":{"start":{"line":3,"column":753},"end":{"line":3,"column":776}},"type":"binary-expr","locations":[{"start":{"line":3,"column":753},"end":{"line":3,"column":758}},{"start":{"line":3,"column":762},"end":{"line":3,"column":776}}],"line":3},"8":{"loc":{"start":{"line":3,"column":846},"end":{"line":3,"column":902}},"type":"binary-expr","locations":[{"start":{"line":3,"column":846},"end":{"line":3,"column":867}},{"start":{"line":3,"column":871},"end":{"line":3,"column":902}}],"line":3},"9":{"loc":{"start":{"line":3,"column":925},"end":{"line":3,"column":1194}},"type":"if","locations":[{"start":{"line":3,"column":925},"end":{"line":3,"column":1194}},{"start":{},"end":{}}],"line":3},"10":{"loc":{"start":{"line":3,"column":929},"end":{"line":3,"column":996}},"type":"binary-expr","locations":[{"start":{"line":3,"column":929},"end":{"line":3,"column":946}},{"start":{"line":3,"column":950},"end":{"line":3,"column":996}}],"line":3},"11":{"loc":{"start":{"line":3,"column":1010},"end":{"line":3,"column":1082}},"type":"cond-expr","locations":[{"start":{"line":3,"column":1034},"end":{"line":3,"column":1075}},{"start":{"line":3,"column":1078},"end":{"line":3,"column":1082}}],"line":3},"12":{"loc":{"start":{"line":3,"column":1083},"end":{"line":3,"column":1193}},"type":"if","locations":[{"start":{"line":3,"column":1083},"end":{"line":3,"column":1193}},{"start":{"line":3,"column":1168},"end":{"line":3,"column":1193}}],"line":3},"13":{"loc":{"start":{"line":3,"column":1087},"end":{"line":3,"column":1117}},"type":"binary-expr","locations":[{"start":{"line":3,"column":1087},"end":{"line":3,"column":1091}},{"start":{"line":3,"column":1096},"end":{"line":3,"column":1104}},{"start":{"line":3,"column":1108},"end":{"line":3,"column":1116}}],"line":3},"14":{"loc":{"start":{"line":3,"column":1216},"end":{"line":3,"column":1252}},"type":"if","locations":[{"start":{"line":3,"column":1216},"end":{"line":3,"column":1252}},{"start":{},"end":{}}],"line":3}},"s":{"0":1,"1":1,"2":1,"3":1,"4":1,"5":1,"6":1,"7":1,"8":1,"9":0,"10":1,"11":1,"12":1,"13":1,"14":1,"15":0,"16":1,"17":0,"18":1,"19":1,"20":0,"21":1,"22":1,"23":1,"24":35,"25":35,"26":35,"27":0,"28":35,"29":1,"30":1,"31":1,"32":1,"33":1,"34":1,"35":1,"36":2,"37":1,"38":1,"39":1},"f":{"0":1,"1":1,"2":1,"3":1,"4":2},"b":{"0":[0,1],"1":[0,1],"2":[0,1],"3":[1,1,1],"4":[0,1],"5":[1,1,0],"6":[0,1],"7":[1,1],"8":[1,1],"9":[35,0],"10":[35,35],"11":[35,0],"12":[0,35],"13":[35,35,35],"14":[1,0]},"inputSourceMap":null,"_coverageSchema":"1a1c01bbd47fc00a2c39e90264f33305004495a9","hash":"fea2e53e89e52763a1c32bbea5cd4ec08786be1e"}
}
