TN:
SF:packages/supervisee-ui/tabs/case-notes/screens/home.tsx
FN:3,_getRequireWildcardCache
FN:3,_getRequireWildcardCache
FN:3,_interopRequireWildcard
FN:6,Home
FN:13,ref
FNF:5
FNH:5
FNDA:1,_getRequireWildcardCache
FNDA:1,_getRequireWildcardCache
FNDA:1,_interopRequireWildcard
FNDA:1,Home
FNDA:2,ref
DA:1,1
DA:2,1
DA:3,35
DA:6,1
DA:7,1
DA:8,1
DA:14,2
DA:27,1
DA:29,1
LF:9
LH:9
BRDA:3,0,0,0
BRDA:3,0,1,1
BRDA:3,1,0,0
BRDA:3,1,1,1
BRDA:3,2,0,0
BRDA:3,2,1,1
BRDA:3,3,0,1
BRDA:3,3,1,1
BRDA:3,3,2,1
BRDA:3,4,0,0
BRDA:3,4,1,1
BRDA:3,5,0,1
BRDA:3,5,1,1
BRDA:3,5,2,0
BRDA:3,6,0,0
BRDA:3,6,1,1
BRDA:3,7,0,1
BRDA:3,7,1,1
BRDA:3,8,0,1
BRDA:3,8,1,1
BRDA:3,9,0,35
BRDA:3,9,1,0
BRDA:3,10,0,35
BRDA:3,10,1,35
BRDA:3,11,0,35
BRDA:3,11,1,0
BRDA:3,12,0,0
BRDA:3,12,1,35
BRDA:3,13,0,35
BRDA:3,13,1,35
BRDA:3,13,2,35
BRDA:3,14,0,1
BRDA:3,14,1,0
BRF:33
BRH:23
end_of_record
TN:
SF:packages/supervisee-ui/tabs/dashboard/screens/dashboard.tsx
FN:6,_getRequireWildcardCache
FN:6,_getRequireWildcardCache
FN:6,_interopRequireWildcard
FN:8,Dashboard
FN:16,ref
FN:23,onPress
FNF:6
FNH:5
FNDA:1,_getRequireWildcardCache
FNDA:1,_getRequireWildcardCache
FNDA:1,_interopRequireWildcard
FNDA:1,Dashboard
FNDA:2,ref
FNDA:0,onPress
DA:1,1
DA:2,1
DA:3,1
DA:5,1
DA:6,35
DA:8,1
DA:9,1
DA:10,1
DA:11,1
DA:17,2
DA:23,0
DA:31,1
DA:33,1
LF:13
LH:12
BRDA:6,0,0,0
BRDA:6,0,1,1
BRDA:6,1,0,0
BRDA:6,1,1,1
BRDA:6,2,0,0
BRDA:6,2,1,1
BRDA:6,3,0,1
BRDA:6,3,1,1
BRDA:6,3,2,1
BRDA:6,4,0,0
BRDA:6,4,1,1
BRDA:6,5,0,1
BRDA:6,5,1,1
BRDA:6,5,2,0
BRDA:6,6,0,0
BRDA:6,6,1,1
BRDA:6,7,0,1
BRDA:6,7,1,1
BRDA:6,8,0,1
BRDA:6,8,1,1
BRDA:6,9,0,35
BRDA:6,9,1,0
BRDA:6,10,0,35
BRDA:6,10,1,35
BRDA:6,11,0,35
BRDA:6,11,1,0
BRDA:6,12,0,0
BRDA:6,12,1,35
BRDA:6,13,0,35
BRDA:6,13,1,35
BRDA:6,13,2,35
BRDA:6,14,0,1
BRDA:6,14,1,0
BRF:33
BRH:23
end_of_record
TN:
SF:packages/supervisee-ui/tabs/jobs/screens/home.tsx
FN:3,_getRequireWildcardCache
FN:3,_getRequireWildcardCache
FN:3,_interopRequireWildcard
FN:6,Home
FN:13,ref
FNF:5
FNH:5
FNDA:1,_getRequireWildcardCache
FNDA:1,_getRequireWildcardCache
FNDA:1,_interopRequireWildcard
FNDA:1,Home
FNDA:2,ref
DA:1,1
DA:2,1
DA:3,35
DA:6,1
DA:7,1
DA:8,1
DA:14,2
DA:27,1
DA:29,1
LF:9
LH:9
BRDA:3,0,0,0
BRDA:3,0,1,1
BRDA:3,1,0,0
BRDA:3,1,1,1
BRDA:3,2,0,0
BRDA:3,2,1,1
BRDA:3,3,0,1
BRDA:3,3,1,1
BRDA:3,3,2,1
BRDA:3,4,0,0
BRDA:3,4,1,1
BRDA:3,5,0,1
BRDA:3,5,1,1
BRDA:3,5,2,0
BRDA:3,6,0,0
BRDA:3,6,1,1
BRDA:3,7,0,1
BRDA:3,7,1,1
BRDA:3,8,0,1
BRDA:3,8,1,1
BRDA:3,9,0,35
BRDA:3,9,1,0
BRDA:3,10,0,35
BRDA:3,10,1,35
BRDA:3,11,0,35
BRDA:3,11,1,0
BRDA:3,12,0,0
BRDA:3,12,1,35
BRDA:3,13,0,35
BRDA:3,13,1,35
BRDA:3,13,2,35
BRDA:3,14,0,1
BRDA:3,14,1,0
BRF:33
BRH:23
end_of_record
TN:
SF:packages/supervisee-ui/tabs/learn/screens/home.tsx
FN:3,_getRequireWildcardCache
FN:3,_getRequireWildcardCache
FN:3,_interopRequireWildcard
FN:6,Home
FN:13,ref
FNF:5
FNH:5
FNDA:1,_getRequireWildcardCache
FNDA:1,_getRequireWildcardCache
FNDA:1,_interopRequireWildcard
FNDA:1,Home
FNDA:2,ref
DA:1,1
DA:2,1
DA:3,35
DA:6,1
DA:7,1
DA:8,1
DA:14,2
DA:27,1
DA:29,1
LF:9
LH:9
BRDA:3,0,0,0
BRDA:3,0,1,1
BRDA:3,1,0,0
BRDA:3,1,1,1
BRDA:3,2,0,0
BRDA:3,2,1,1
BRDA:3,3,0,1
BRDA:3,3,1,1
BRDA:3,3,2,1
BRDA:3,4,0,0
BRDA:3,4,1,1
BRDA:3,5,0,1
BRDA:3,5,1,1
BRDA:3,5,2,0
BRDA:3,6,0,0
BRDA:3,6,1,1
BRDA:3,7,0,1
BRDA:3,7,1,1
BRDA:3,8,0,1
BRDA:3,8,1,1
BRDA:3,9,0,35
BRDA:3,9,1,0
BRDA:3,10,0,35
BRDA:3,10,1,35
BRDA:3,11,0,35
BRDA:3,11,1,0
BRDA:3,12,0,0
BRDA:3,12,1,35
BRDA:3,13,0,35
BRDA:3,13,1,35
BRDA:3,13,2,35
BRDA:3,14,0,1
BRDA:3,14,1,0
BRF:33
BRH:23
end_of_record
TN:
SF:packages/supervisee-ui/tabs/near-me/screens/home.tsx
FN:3,_getRequireWildcardCache
FN:3,_getRequireWildcardCache
FN:3,_interopRequireWildcard
FN:6,Home
FN:13,ref
FNF:5
FNH:5
FNDA:1,_getRequireWildcardCache
FNDA:1,_getRequireWildcardCache
FNDA:1,_interopRequireWildcard
FNDA:1,Home
FNDA:2,ref
DA:1,1
DA:2,1
DA:3,35
DA:6,1
DA:7,1
DA:8,1
DA:14,2
DA:27,1
DA:29,1
LF:9
LH:9
BRDA:3,0,0,0
BRDA:3,0,1,1
BRDA:3,1,0,0
BRDA:3,1,1,1
BRDA:3,2,0,0
BRDA:3,2,1,1
BRDA:3,3,0,1
BRDA:3,3,1,1
BRDA:3,3,2,1
BRDA:3,4,0,0
BRDA:3,4,1,1
BRDA:3,5,0,1
BRDA:3,5,1,1
BRDA:3,5,2,0
BRDA:3,6,0,0
BRDA:3,6,1,1
BRDA:3,7,0,1
BRDA:3,7,1,1
BRDA:3,8,0,1
BRDA:3,8,1,1
BRDA:3,9,0,35
BRDA:3,9,1,0
BRDA:3,10,0,35
BRDA:3,10,1,35
BRDA:3,11,0,35
BRDA:3,11,1,0
BRDA:3,12,0,0
BRDA:3,12,1,35
BRDA:3,13,0,35
BRDA:3,13,1,35
BRDA:3,13,2,35
BRDA:3,14,0,1
BRDA:3,14,1,0
BRF:33
BRH:23
end_of_record
